[debug] [2021-06-01T15:40:45.880Z] ----------------------------------------------------------------------
[debug] [2021-06-01T15:40:45.883Z] Command:       I:\Program Files\node\node.exe C:\Users\neonshobhit\AppData\Roaming\npm\node_modules\firebase-tools\lib\bin\firebase.js deploy --debug --only functions
[debug] [2021-06-01T15:40:45.883Z] CLI Version:   9.12.0
[debug] [2021-06-01T15:40:45.883Z] Platform:      win32
[debug] [2021-06-01T15:40:45.883Z] Node Version:  v14.15.4
[debug] [2021-06-01T15:40:45.884Z] Time:          Tue Jun 01 2021 21:10:45 GMT+0530 (India Standard Time)
[debug] [2021-06-01T15:40:45.884Z] ----------------------------------------------------------------------
[debug] 
[debug] [2021-06-01T15:40:45.898Z] > command requires scopes: ["email","openid","https://www.googleapis.com/auth/cloudplatformprojects.readonly","https://www.googleapis.com/auth/firebase","https://www.googleapis.com/auth/cloud-platform"]
[debug] [2021-06-01T15:40:45.899Z] > authorizing via signed-in user (shobhit.writes.code@gmail.com)
[debug] [2021-06-01T15:40:45.900Z] [iam] checking project dutch-dfd21 for permissions ["cloudfunctions.functions.create","cloudfunctions.functions.delete","cloudfunctions.functions.get","cloudfunctions.functions.list","cloudfunctions.functions.update","cloudfunctions.operations.get","firebase.projects.get"]
[debug] [2021-06-01T15:40:45.903Z] >>> HTTP REQUEST POST https://cloudresourcemanager.googleapis.com/v1/projects/dutch-dfd21:testIamPermissions  
 {"permissions":["cloudfunctions.functions.create","cloudfunctions.functions.delete","cloudfunctions.functions.get","cloudfunctions.functions.list","cloudfunctions.functions.update","cloudfunctions.operations.get","firebase.projects.get"]}
[debug] [2021-06-01T15:40:47.701Z] <<< HTTP RESPONSE 200 {"content-type":"application/json; charset=UTF-8","vary":"X-Origin, Referer, Origin,Accept-Encoding","date":"Tue, 01 Jun 2021 15:41:13 GMT","server":"ESF","cache-control":"private","x-xss-protection":"0","x-frame-options":"SAMEORIGIN","x-content-type-options":"nosniff","server-timing":"gfet4t7; dur=1363","alt-svc":"h3-29=\":443\"; ma=2592000,h3-T051=\":443\"; ma=2592000,h3-Q050=\":443\"; ma=2592000,h3-Q046=\":443\"; ma=2592000,h3-Q043=\":443\"; ma=2592000,quic=\":443\"; ma=2592000; v=\"46,43\"","accept-ranges":"none","transfer-encoding":"chunked"}
[debug] [2021-06-01T15:40:47.705Z] >>> HTTP REQUEST POST https://iam.googleapis.com/v1/projects/dutch-dfd21/serviceAccounts/dutch-dfd21@appspot.gserviceaccount.com:testIamPermissions  
 {"permissions":["iam.serviceAccounts.actAs"]}
[debug] [2021-06-01T15:40:49.392Z] <<< HTTP RESPONSE 200 {"content-type":"application/json; charset=UTF-8","vary":"X-Origin, Referer, Origin,Accept-Encoding","date":"Tue, 01 Jun 2021 15:41:14 GMT","server":"ESF","cache-control":"private","x-xss-protection":"0","x-frame-options":"SAMEORIGIN","x-content-type-options":"nosniff","alt-svc":"h3-29=\":443\"; ma=2592000,h3-T051=\":443\"; ma=2592000,h3-Q050=\":443\"; ma=2592000,h3-Q046=\":443\"; ma=2592000,h3-Q043=\":443\"; ma=2592000,quic=\":443\"; ma=2592000; v=\"46,43\"","accept-ranges":"none","transfer-encoding":"chunked"}
[info] 
[info] === Deploying to 'dutch-dfd21'...
[info] 
[info] i  deploying functions 
[info] Running command: npm --prefix "$RESOURCE_DIR" run lint
[info] +  functions: Finished running predeploy script. 
[info] i  functions: ensuring required API cloudfunctions.googleapis.com is enabled... 
[info] i  functions: ensuring required API cloudbuild.googleapis.com is enabled... 
[debug] [2021-06-01T15:40:55.832Z] >>> HTTP REQUEST GET https://serviceusage.googleapis.com/v1/projects/dutch-dfd21/services/cloudfunctions.googleapis.com  
 
[debug] [2021-06-01T15:40:55.833Z] >>> HTTP REQUEST GET https://serviceusage.googleapis.com/v1/projects/dutch-dfd21/services/runtimeconfig.googleapis.com  
 
[debug] [2021-06-01T15:40:55.834Z] >>> HTTP REQUEST GET https://serviceusage.googleapis.com/v1/projects/dutch-dfd21/services/cloudbuild.googleapis.com  
 
[debug] [2021-06-01T15:40:57.783Z] <<< HTTP RESPONSE 200 {"content-type":"application/json; charset=UTF-8","vary":"X-Origin, Referer, Origin,Accept-Encoding","date":"Tue, 01 Jun 2021 15:41:23 GMT","server":"ESF","cache-control":"private","x-xss-protection":"0","x-frame-options":"SAMEORIGIN","x-content-type-options":"nosniff","alt-svc":"h3-29=\":443\"; ma=2592000,h3-T051=\":443\"; ma=2592000,h3-Q050=\":443\"; ma=2592000,h3-Q046=\":443\"; ma=2592000,h3-Q043=\":443\"; ma=2592000,quic=\":443\"; ma=2592000; v=\"46,43\"","accept-ranges":"none","transfer-encoding":"chunked"}
[debug] [2021-06-01T15:40:57.866Z] <<< HTTP RESPONSE 200 {"content-type":"application/json; charset=UTF-8","vary":"X-Origin, Referer, Origin,Accept-Encoding","date":"Tue, 01 Jun 2021 15:41:23 GMT","server":"ESF","cache-control":"private","x-xss-protection":"0","x-frame-options":"SAMEORIGIN","x-content-type-options":"nosniff","alt-svc":"h3-29=\":443\"; ma=2592000,h3-T051=\":443\"; ma=2592000,h3-Q050=\":443\"; ma=2592000,h3-Q046=\":443\"; ma=2592000,h3-Q043=\":443\"; ma=2592000,quic=\":443\"; ma=2592000; v=\"46,43\"","accept-ranges":"none","transfer-encoding":"chunked"}
[info] +  functions: required API cloudbuild.googleapis.com is enabled 
[debug] [2021-06-01T15:40:57.888Z] <<< HTTP RESPONSE 200 {"content-type":"application/json; charset=UTF-8","vary":"X-Origin, Referer, Origin,Accept-Encoding","date":"Tue, 01 Jun 2021 15:41:23 GMT","server":"ESF","cache-control":"private","x-xss-protection":"0","x-frame-options":"SAMEORIGIN","x-content-type-options":"nosniff","alt-svc":"h3-29=\":443\"; ma=2592000,h3-T051=\":443\"; ma=2592000,h3-Q050=\":443\"; ma=2592000,h3-Q046=\":443\"; ma=2592000,h3-Q043=\":443\"; ma=2592000,quic=\":443\"; ma=2592000; v=\"46,43\"","accept-ranges":"none","transfer-encoding":"chunked"}
[info] +  functions: required API cloudfunctions.googleapis.com is enabled 
[debug] [2021-06-01T15:40:57.894Z] >>> HTTP REQUEST GET https://firebase.googleapis.com/v1beta1/projects/dutch-dfd21/adminSdkConfig  
 
[debug] [2021-06-01T15:40:58.662Z] <<< HTTP RESPONSE 200 {"content-type":"application/json; charset=UTF-8","vary":"X-Origin, Referer, Origin,Accept-Encoding","date":"Tue, 01 Jun 2021 15:41:24 GMT","server":"ESF","cache-control":"private","x-xss-protection":"0","x-frame-options":"SAMEORIGIN","x-content-type-options":"nosniff","alt-svc":"h3-29=\":443\"; ma=2592000,h3-T051=\":443\"; ma=2592000,h3-Q050=\":443\"; ma=2592000,h3-Q046=\":443\"; ma=2592000,h3-Q043=\":443\"; ma=2592000,quic=\":443\"; ma=2592000; v=\"46,43\"","accept-ranges":"none","transfer-encoding":"chunked"}
[info] i  functions: preparing functions directory for uploading... 
[debug] [2021-06-01T15:40:58.664Z] >>> HTTP REQUEST GET https://runtimeconfig.googleapis.com/v1beta1/projects/dutch-dfd21/configs  
 
[debug] [2021-06-01T15:40:59.407Z] <<< HTTP RESPONSE 200 {"content-type":"application/json; charset=UTF-8","vary":"X-Origin, Referer, Origin,Accept-Encoding","date":"Tue, 01 Jun 2021 15:41:24 GMT","server":"ESF","cache-control":"private","x-xss-protection":"0","x-frame-options":"SAMEORIGIN","x-content-type-options":"nosniff","alt-svc":"h3-29=\":443\"; ma=2592000,h3-T051=\":443\"; ma=2592000,h3-Q050=\":443\"; ma=2592000,h3-Q046=\":443\"; ma=2592000,h3-Q043=\":443\"; ma=2592000,quic=\":443\"; ma=2592000; v=\"46,43\"","accept-ranges":"none","transfer-encoding":"chunked"}
[debug] [2021-06-01T15:40:59.408Z] Analyizing backend with strategy parseJSExports
[info] i  functions: packaged functions (50.28 KB) for uploading 
[debug] [2021-06-01T15:41:00.323Z] > [functions] package.json contents: {
  "name": "functions",
  "description": "Cloud Functions for Firebase",
  "scripts": {
    "lint": "eslint .",
    "serve": "firebase emulators:start --only functions",
    "shell": "firebase functions:shell",
    "start": "npm run shell",
    "deploy": "firebase deploy --only functions",
    "logs": "firebase functions:log"
  },
  "engines": {
    "node": "14"
  },
  "main": "index.js",
  "dependencies": {
    "firebase-admin": "^9.8.0",
    "firebase-functions": "^3.14.1",
    "cors": "^2.8.5",
    "esm": "^3.2.25",
    "express": "^4.17.1",
    "jsonwebtoken": "^8.5.1",
    "log-to-file": "^2.0.2",
    "morgan": "^1.10.0",
    "nodemon": "^2.0.7",
    "qrcode": "^1.4.4",
    "speakeasy": "^2.0.0",
    "uuid": "^8.3.2",
    "uuidv4": "^6.2.7"
  },
  "devDependencies": {
    "eslint": "^7.6.0",
    "eslint-config-google": "^0.14.0",
    "firebase-functions-test": "^0.2.0"
  },
  "private": true
}
[debug] [2021-06-01T15:41:00.364Z] >>> HTTP REQUEST GET https://cloudfunctions.googleapis.com/v1/projects/dutch-dfd21/locations/-/functions  
 
[debug] [2021-06-01T15:41:01.117Z] <<< HTTP RESPONSE 200 {"content-type":"application/json; charset=UTF-8","vary":"X-Origin, Referer, Origin,Accept-Encoding","date":"Tue, 01 Jun 2021 15:41:26 GMT","server":"ESF","cache-control":"private","x-xss-protection":"0","x-frame-options":"SAMEORIGIN","x-content-type-options":"nosniff","alt-svc":"h3-29=\":443\"; ma=2592000,h3-T051=\":443\"; ma=2592000,h3-Q050=\":443\"; ma=2592000,h3-Q046=\":443\"; ma=2592000,h3-Q043=\":443\"; ma=2592000,quic=\":443\"; ma=2592000; v=\"46,43\"","accept-ranges":"none","transfer-encoding":"chunked"}
[debug] [2021-06-01T15:41:01.120Z] >>> HTTP REQUEST POST https://cloudfunctions.googleapis.com/v1/projects/dutch-dfd21/locations/us-central1/functions:generateUploadUrl  
 
[debug] [2021-06-01T15:41:02.036Z] <<< HTTP RESPONSE 200 {"content-type":"application/json; charset=UTF-8","vary":"X-Origin, Referer, Origin,Accept-Encoding","date":"Tue, 01 Jun 2021 15:41:27 GMT","server":"ESF","cache-control":"private","x-xss-protection":"0","x-frame-options":"SAMEORIGIN","x-content-type-options":"nosniff","alt-svc":"h3-29=\":443\"; ma=2592000,h3-T051=\":443\"; ma=2592000,h3-Q050=\":443\"; ma=2592000,h3-Q046=\":443\"; ma=2592000,h3-Q043=\":443\"; ma=2592000,quic=\":443\"; ma=2592000; v=\"46,43\"","accept-ranges":"none","transfer-encoding":"chunked"}
[debug] [2021-06-01T15:41:02.038Z] >>> HTTP REQUEST PUT https://storage.googleapis.com/gcf-upload-us-central1-862e4a02-8665-423f-b1a3-c0916b28dda1/c6611e0e-96f7-413c-b145-c02fd6c03495.zip?GoogleAccessId=service-476844463720@gcf-admin-robot.iam.gserviceaccount.com&Expires=1622563887&Signature=GD96Fod0Ov0X2%2BBynnBCtf9sBX0pmejRjc%2FKdG5jIdpMF%2Fpseg%2BbUNrKzSiEvhvPUCZKnO5WlY9utXMS73cxjtryQnet9eHc%2B3YndwHohdlEIY074VB%2F%2BGnSfKtXH%2Bu9zHw8ntpr5KX3%2B37je%2BbYN7cgKO7W6cHDc4khe5oVGz1wsFznDNWm6HCuZamGse2D4Nr8scOcQQx3HqawUHake2eOBgcpCZkAlExnXR%2BssFrjSLMneg7qftrt8x1ZfEU3sTCnckK11L36J09cJoHbZzt0VIX6UNB4%2BSOUJ1D8z7w%2Fkd4JYYQqaUNe0EDQP6QmDI1uB5s0ZFjDXki42vLfrQ%3D%3D  
 <request body omitted>
[debug] [2021-06-01T15:41:04.180Z] <<< HTTP RESPONSE 200 {"x-guploader-uploadid":"ABg5-Uz7FWUoo1qilGlPqYuIfYI4bh9OPoKNrM2kUoQhvnfUNfdxMwKZOYDx_9o6GfT6zUx2L9HL6cEtq8ObvXs4b94","etag":"\"b96a7ae7b3b0c4a3688b478a657eda98\"","x-goog-generation":"1622562089504393","x-goog-metageneration":"1","x-goog-hash":"crc32c=9Vzr1A==, md5=uWp657OwxKNoi0eKZX7amA==","x-goog-stored-content-length":"51489","x-goog-stored-content-encoding":"identity","vary":"Origin","content-length":"0","date":"Tue, 01 Jun 2021 15:41:29 GMT","server":"UploadServer","content-type":"text/html; charset=UTF-8","alt-svc":"h3-29=\":443\"; ma=2592000,h3-T051=\":443\"; ma=2592000,h3-Q050=\":443\"; ma=2592000,h3-Q046=\":443\"; ma=2592000,h3-Q043=\":443\"; ma=2592000,quic=\":443\"; ma=2592000; v=\"46,43\""}
[info] +  functions: functions folder uploaded successfully 
[info] i  functions: updating Node.js 14 function module(us-central1)... 
[debug] [2021-06-01T15:41:04.191Z] >>> HTTP REQUEST PATCH https://cloudfunctions.googleapis.com/v1/projects/dutch-dfd21/locations/us-central1/functions/module {"updateMask":"name,sourceUploadUrl,entryPoint,runtime,httpsTrigger.securityLevel,labels,environmentVariables"} 
 {"name":"projects/dutch-dfd21/locations/us-central1/functions/module","sourceUploadUrl":"https://storage.googleapis.com/gcf-upload-us-central1-862e4a02-8665-423f-b1a3-c0916b28dda1/c6611e0e-96f7-413c-b145-c02fd6c03495.zip?GoogleAccessId=service-476844463720@gcf-admin-robot.iam.gserviceaccount.com&Expires=1622563887&Signature=GD96Fod0Ov0X2%2BBynnBCtf9sBX0pmejRjc%2FKdG5jIdpMF%2Fpseg%2BbUNrKzSiEvhvPUCZKnO5WlY9utXMS73cxjtryQnet9eHc%2B3YndwHohdlEIY074VB%2F%2BGnSfKtXH%2Bu9zHw8ntpr5KX3%2B37je%2BbYN7cgKO7W6cHDc4khe5oVGz1wsFznDNWm6HCuZamGse2D4Nr8scOcQQx3HqawUHake2eOBgcpCZkAlExnXR%2BssFrjSLMneg7qftrt8x1ZfEU3sTCnckK11L36J09cJoHbZzt0VIX6UNB4%2BSOUJ1D8z7w%2Fkd4JYYQqaUNe0EDQP6QmDI1uB5s0ZFjDXki42vLfrQ%3D%3D","entryPoint":"module","runtime":"nodejs14","httpsTrigger":{"securityLevel":"SECURE_OPTIONAL"},"labels":{"deployment-tool":"cli-firebase"},"environmentVariables":{"FIREBASE_CONFIG":"{\"projectId\":\"dutch-dfd21\",\"storageBucket\":\"dutch-dfd21.appspot.com\",\"locationId\":\"asia-south1\"}"}}
[debug] [2021-06-01T15:41:04.949Z] <<< HTTP RESPONSE 200 {"content-type":"application/json; charset=UTF-8","vary":"X-Origin, Referer, Origin,Accept-Encoding","date":"Tue, 01 Jun 2021 15:41:30 GMT","server":"ESF","cache-control":"private","x-xss-protection":"0","x-frame-options":"SAMEORIGIN","x-content-type-options":"nosniff","alt-svc":"h3-29=\":443\"; ma=2592000,h3-T051=\":443\"; ma=2592000,h3-Q050=\":443\"; ma=2592000,h3-Q046=\":443\"; ma=2592000,h3-Q043=\":443\"; ma=2592000,quic=\":443\"; ma=2592000; v=\"46,43\"","accept-ranges":"none","transfer-encoding":"chunked"}
[debug] [2021-06-01T15:41:04.951Z] > refreshing access token with scopes: []
[debug] [2021-06-01T15:41:04.952Z] >>> HTTP REQUEST POST https://www.googleapis.com/oauth2/v3/token  
 <request body omitted>
[debug] [2021-06-01T15:41:05.276Z] <<< HTTP RESPONSE 200 {"expires":"Mon, 01 Jan 1990 00:00:00 GMT","date":"Tue, 01 Jun 2021 15:41:30 GMT","pragma":"no-cache","cache-control":"no-cache, no-store, max-age=0, must-revalidate","content-type":"application/json; charset=utf-8","vary":"X-Origin, Referer, Origin,Accept-Encoding","server":"scaffolding on HTTPServer2","x-xss-protection":"0","x-frame-options":"SAMEORIGIN","x-content-type-options":"nosniff","alt-svc":"h3-29=\":443\"; ma=2592000,h3-T051=\":443\"; ma=2592000,h3-Q050=\":443\"; ma=2592000,h3-Q046=\":443\"; ma=2592000,h3-Q043=\":443\"; ma=2592000,quic=\":443\"; ma=2592000; v=\"46,43\"","accept-ranges":"none","transfer-encoding":"chunked"}
[debug] [2021-06-01T15:41:05.293Z] >>> [apiv2][query] GET https://cloudfunctions.googleapis.com/v1/operations/ZHV0Y2gtZGZkMjEvdXMtY2VudHJhbDEvbW9kdWxlL1NXdDdrVVNOMG0w [none]
[debug] [2021-06-01T15:41:05.866Z] <<< [apiv2][status] GET https://cloudfunctions.googleapis.com/v1/operations/ZHV0Y2gtZGZkMjEvdXMtY2VudHJhbDEvbW9kdWxlL1NXdDdrVVNOMG0w 200
[debug] [2021-06-01T15:41:05.868Z] <<< [apiv2][body] GET https://cloudfunctions.googleapis.com/v1/operations/ZHV0Y2gtZGZkMjEvdXMtY2VudHJhbDEvbW9kdWxlL1NXdDdrVVNOMG0w {"name":"operations/ZHV0Y2gtZGZkMjEvdXMtY2VudHJhbDEvbW9kdWxlL1NXdDdrVVNOMG0w","metadata":{"@type":"type.googleapis.com/google.cloud.functions.v1.OperationMetadataV1","target":"projects/dutch-dfd21/locations/us-central1/functions/module","type":"UPDATE_FUNCTION","request":{"@type":"type.googleapis.com/google.cloud.functions.v1.CloudFunction","name":"projects/dutch-dfd21/locations/us-central1/functions/module","httpsTrigger":{"url":"https://us-central1-dutch-dfd21.cloudfunctions.net/module","securityLevel":"SECURE_OPTIONAL"},"status":"OFFLINE","entryPoint":"module","timeout":"60s","availableMemoryMb":256,"serviceAccountEmail":"dutch-dfd21@appspot.gserviceaccount.com","updateTime":"2021-06-01T15:39:43.597Z","versionId":"1","labels":{"deployment-tool":"cli-firebase"},"sourceUploadUrl":"https://storage.googleapis.com/gcf-upload-us-central1-862e4a02-8665-423f-b1a3-c0916b28dda1/c6611e0e-96f7-413c-b145-c02fd6c03495.zip?GoogleAccessId=service-476844463720@gcf-admin-robot.iam.gserviceaccount.com&Expires=1622563887&Signature=GD96Fod0Ov0X2%2BBynnBCtf9sBX0pmejRjc%2FKdG5jIdpMF%2Fpseg%2BbUNrKzSiEvhvPUCZKnO5WlY9utXMS73cxjtryQnet9eHc%2B3YndwHohdlEIY074VB%2F%2BGnSfKtXH%2Bu9zHw8ntpr5KX3%2B37je%2BbYN7cgKO7W6cHDc4khe5oVGz1wsFznDNWm6HCuZamGse2D4Nr8scOcQQx3HqawUHake2eOBgcpCZkAlExnXR%2BssFrjSLMneg7qftrt8x1ZfEU3sTCnckK11L36J09cJoHbZzt0VIX6UNB4%2BSOUJ1D8z7w%2Fkd4JYYQqaUNe0EDQP6QmDI1uB5s0ZFjDXki42vLfrQ%3D%3D","environmentVariables":{"FIREBASE_CONFIG":"{\"projectId\":\"dutch-dfd21\",\"storageBucket\":\"dutch-dfd21.appspot.com\",\"locationId\":\"asia-south1\"}"},"runtime":"nodejs14","ingressSettings":"ALLOW_ALL","buildId":"d9fe9328-2999-41e5-a6de-fd9dbfcd8136"},"versionId":"2","updateTime":"2021-06-01T15:41:30Z","buildId":"4a745f9f-e2b1-4963-8de4-e32e7c1ea36c","buildName":"projects/476844463720/locations/us-central1/builds/4a745f9f-e2b1-4963-8de4-e32e7c1ea36c"}}
[debug] [2021-06-01T15:41:06.372Z] [update-projects/dutch-dfd21/locations/us-central1/functions/module] Retrying task index 0
[debug] [2021-06-01T15:41:06.372Z] >>> [apiv2][query] GET https://cloudfunctions.googleapis.com/v1/operations/ZHV0Y2gtZGZkMjEvdXMtY2VudHJhbDEvbW9kdWxlL1NXdDdrVVNOMG0w [none]
[debug] [2021-06-01T15:41:06.934Z] <<< [apiv2][status] GET https://cloudfunctions.googleapis.com/v1/operations/ZHV0Y2gtZGZkMjEvdXMtY2VudHJhbDEvbW9kdWxlL1NXdDdrVVNOMG0w 200
[debug] [2021-06-01T15:41:06.934Z] <<< [apiv2][body] GET https://cloudfunctions.googleapis.com/v1/operations/ZHV0Y2gtZGZkMjEvdXMtY2VudHJhbDEvbW9kdWxlL1NXdDdrVVNOMG0w {"name":"operations/ZHV0Y2gtZGZkMjEvdXMtY2VudHJhbDEvbW9kdWxlL1NXdDdrVVNOMG0w","metadata":{"@type":"type.googleapis.com/google.cloud.functions.v1.OperationMetadataV1","target":"projects/dutch-dfd21/locations/us-central1/functions/module","type":"UPDATE_FUNCTION","request":{"@type":"type.googleapis.com/google.cloud.functions.v1.CloudFunction","name":"projects/dutch-dfd21/locations/us-central1/functions/module","httpsTrigger":{"url":"https://us-central1-dutch-dfd21.cloudfunctions.net/module","securityLevel":"SECURE_OPTIONAL"},"status":"OFFLINE","entryPoint":"module","timeout":"60s","availableMemoryMb":256,"serviceAccountEmail":"dutch-dfd21@appspot.gserviceaccount.com","updateTime":"2021-06-01T15:39:43.597Z","versionId":"1","labels":{"deployment-tool":"cli-firebase"},"sourceUploadUrl":"https://storage.googleapis.com/gcf-upload-us-central1-862e4a02-8665-423f-b1a3-c0916b28dda1/c6611e0e-96f7-413c-b145-c02fd6c03495.zip?GoogleAccessId=service-476844463720@gcf-admin-robot.iam.gserviceaccount.com&Expires=1622563887&Signature=GD96Fod0Ov0X2%2BBynnBCtf9sBX0pmejRjc%2FKdG5jIdpMF%2Fpseg%2BbUNrKzSiEvhvPUCZKnO5WlY9utXMS73cxjtryQnet9eHc%2B3YndwHohdlEIY074VB%2F%2BGnSfKtXH%2Bu9zHw8ntpr5KX3%2B37je%2BbYN7cgKO7W6cHDc4khe5oVGz1wsFznDNWm6HCuZamGse2D4Nr8scOcQQx3HqawUHake2eOBgcpCZkAlExnXR%2BssFrjSLMneg7qftrt8x1ZfEU3sTCnckK11L36J09cJoHbZzt0VIX6UNB4%2BSOUJ1D8z7w%2Fkd4JYYQqaUNe0EDQP6QmDI1uB5s0ZFjDXki42vLfrQ%3D%3D","environmentVariables":{"FIREBASE_CONFIG":"{\"projectId\":\"dutch-dfd21\",\"storageBucket\":\"dutch-dfd21.appspot.com\",\"locationId\":\"asia-south1\"}"},"runtime":"nodejs14","ingressSettings":"ALLOW_ALL","buildId":"d9fe9328-2999-41e5-a6de-fd9dbfcd8136"},"versionId":"2","updateTime":"2021-06-01T15:41:30Z","buildId":"4a745f9f-e2b1-4963-8de4-e32e7c1ea36c","buildName":"projects/476844463720/locations/us-central1/builds/4a745f9f-e2b1-4963-8de4-e32e7c1ea36c"}}
[debug] [2021-06-01T15:41:07.939Z] [update-projects/dutch-dfd21/locations/us-central1/functions/module] Retrying task index 0
[debug] [2021-06-01T15:41:07.940Z] >>> [apiv2][query] GET https://cloudfunctions.googleapis.com/v1/operations/ZHV0Y2gtZGZkMjEvdXMtY2VudHJhbDEvbW9kdWxlL1NXdDdrVVNOMG0w [none]
[debug] [2021-06-01T15:41:08.643Z] <<< [apiv2][status] GET https://cloudfunctions.googleapis.com/v1/operations/ZHV0Y2gtZGZkMjEvdXMtY2VudHJhbDEvbW9kdWxlL1NXdDdrVVNOMG0w 200
[debug] [2021-06-01T15:41:08.644Z] <<< [apiv2][body] GET https://cloudfunctions.googleapis.com/v1/operations/ZHV0Y2gtZGZkMjEvdXMtY2VudHJhbDEvbW9kdWxlL1NXdDdrVVNOMG0w {"name":"operations/ZHV0Y2gtZGZkMjEvdXMtY2VudHJhbDEvbW9kdWxlL1NXdDdrVVNOMG0w","metadata":{"@type":"type.googleapis.com/google.cloud.functions.v1.OperationMetadataV1","target":"projects/dutch-dfd21/locations/us-central1/functions/module","type":"UPDATE_FUNCTION","request":{"@type":"type.googleapis.com/google.cloud.functions.v1.CloudFunction","name":"projects/dutch-dfd21/locations/us-central1/functions/module","httpsTrigger":{"url":"https://us-central1-dutch-dfd21.cloudfunctions.net/module","securityLevel":"SECURE_OPTIONAL"},"status":"OFFLINE","entryPoint":"module","timeout":"60s","availableMemoryMb":256,"serviceAccountEmail":"dutch-dfd21@appspot.gserviceaccount.com","updateTime":"2021-06-01T15:39:43.597Z","versionId":"1","labels":{"deployment-tool":"cli-firebase"},"sourceUploadUrl":"https://storage.googleapis.com/gcf-upload-us-central1-862e4a02-8665-423f-b1a3-c0916b28dda1/c6611e0e-96f7-413c-b145-c02fd6c03495.zip?GoogleAccessId=service-476844463720@gcf-admin-robot.iam.gserviceaccount.com&Expires=1622563887&Signature=GD96Fod0Ov0X2%2BBynnBCtf9sBX0pmejRjc%2FKdG5jIdpMF%2Fpseg%2BbUNrKzSiEvhvPUCZKnO5WlY9utXMS73cxjtryQnet9eHc%2B3YndwHohdlEIY074VB%2F%2BGnSfKtXH%2Bu9zHw8ntpr5KX3%2B37je%2BbYN7cgKO7W6cHDc4khe5oVGz1wsFznDNWm6HCuZamGse2D4Nr8scOcQQx3HqawUHake2eOBgcpCZkAlExnXR%2BssFrjSLMneg7qftrt8x1ZfEU3sTCnckK11L36J09cJoHbZzt0VIX6UNB4%2BSOUJ1D8z7w%2Fkd4JYYQqaUNe0EDQP6QmDI1uB5s0ZFjDXki42vLfrQ%3D%3D","environmentVariables":{"FIREBASE_CONFIG":"{\"projectId\":\"dutch-dfd21\",\"storageBucket\":\"dutch-dfd21.appspot.com\",\"locationId\":\"asia-south1\"}"},"runtime":"nodejs14","ingressSettings":"ALLOW_ALL","buildId":"d9fe9328-2999-41e5-a6de-fd9dbfcd8136"},"versionId":"2","updateTime":"2021-06-01T15:41:30Z","buildId":"4a745f9f-e2b1-4963-8de4-e32e7c1ea36c","buildName":"projects/476844463720/locations/us-central1/builds/4a745f9f-e2b1-4963-8de4-e32e7c1ea36c"}}
[debug] [2021-06-01T15:41:10.657Z] [update-projects/dutch-dfd21/locations/us-central1/functions/module] Retrying task index 0
[debug] [2021-06-01T15:41:10.658Z] >>> [apiv2][query] GET https://cloudfunctions.googleapis.com/v1/operations/ZHV0Y2gtZGZkMjEvdXMtY2VudHJhbDEvbW9kdWxlL1NXdDdrVVNOMG0w [none]
[debug] [2021-06-01T15:41:11.439Z] <<< [apiv2][status] GET https://cloudfunctions.googleapis.com/v1/operations/ZHV0Y2gtZGZkMjEvdXMtY2VudHJhbDEvbW9kdWxlL1NXdDdrVVNOMG0w 200
[debug] [2021-06-01T15:41:11.439Z] <<< [apiv2][body] GET https://cloudfunctions.googleapis.com/v1/operations/ZHV0Y2gtZGZkMjEvdXMtY2VudHJhbDEvbW9kdWxlL1NXdDdrVVNOMG0w {"name":"operations/ZHV0Y2gtZGZkMjEvdXMtY2VudHJhbDEvbW9kdWxlL1NXdDdrVVNOMG0w","metadata":{"@type":"type.googleapis.com/google.cloud.functions.v1.OperationMetadataV1","target":"projects/dutch-dfd21/locations/us-central1/functions/module","type":"UPDATE_FUNCTION","request":{"@type":"type.googleapis.com/google.cloud.functions.v1.CloudFunction","name":"projects/dutch-dfd21/locations/us-central1/functions/module","httpsTrigger":{"url":"https://us-central1-dutch-dfd21.cloudfunctions.net/module","securityLevel":"SECURE_OPTIONAL"},"status":"OFFLINE","entryPoint":"module","timeout":"60s","availableMemoryMb":256,"serviceAccountEmail":"dutch-dfd21@appspot.gserviceaccount.com","updateTime":"2021-06-01T15:39:43.597Z","versionId":"1","labels":{"deployment-tool":"cli-firebase"},"sourceUploadUrl":"https://storage.googleapis.com/gcf-upload-us-central1-862e4a02-8665-423f-b1a3-c0916b28dda1/c6611e0e-96f7-413c-b145-c02fd6c03495.zip?GoogleAccessId=service-476844463720@gcf-admin-robot.iam.gserviceaccount.com&Expires=1622563887&Signature=GD96Fod0Ov0X2%2BBynnBCtf9sBX0pmejRjc%2FKdG5jIdpMF%2Fpseg%2BbUNrKzSiEvhvPUCZKnO5WlY9utXMS73cxjtryQnet9eHc%2B3YndwHohdlEIY074VB%2F%2BGnSfKtXH%2Bu9zHw8ntpr5KX3%2B37je%2BbYN7cgKO7W6cHDc4khe5oVGz1wsFznDNWm6HCuZamGse2D4Nr8scOcQQx3HqawUHake2eOBgcpCZkAlExnXR%2BssFrjSLMneg7qftrt8x1ZfEU3sTCnckK11L36J09cJoHbZzt0VIX6UNB4%2BSOUJ1D8z7w%2Fkd4JYYQqaUNe0EDQP6QmDI1uB5s0ZFjDXki42vLfrQ%3D%3D","environmentVariables":{"FIREBASE_CONFIG":"{\"projectId\":\"dutch-dfd21\",\"storageBucket\":\"dutch-dfd21.appspot.com\",\"locationId\":\"asia-south1\"}"},"runtime":"nodejs14","ingressSettings":"ALLOW_ALL","buildId":"d9fe9328-2999-41e5-a6de-fd9dbfcd8136"},"versionId":"2","updateTime":"2021-06-01T15:41:30Z","buildId":"4a745f9f-e2b1-4963-8de4-e32e7c1ea36c","buildName":"projects/476844463720/locations/us-central1/builds/4a745f9f-e2b1-4963-8de4-e32e7c1ea36c"}}
[debug] [2021-06-01T15:41:15.447Z] [update-projects/dutch-dfd21/locations/us-central1/functions/module] Retrying task index 0
[debug] [2021-06-01T15:41:15.448Z] >>> [apiv2][query] GET https://cloudfunctions.googleapis.com/v1/operations/ZHV0Y2gtZGZkMjEvdXMtY2VudHJhbDEvbW9kdWxlL1NXdDdrVVNOMG0w [none]
[debug] [2021-06-01T15:41:16.034Z] <<< [apiv2][status] GET https://cloudfunctions.googleapis.com/v1/operations/ZHV0Y2gtZGZkMjEvdXMtY2VudHJhbDEvbW9kdWxlL1NXdDdrVVNOMG0w 200
[debug] [2021-06-01T15:41:16.034Z] <<< [apiv2][body] GET https://cloudfunctions.googleapis.com/v1/operations/ZHV0Y2gtZGZkMjEvdXMtY2VudHJhbDEvbW9kdWxlL1NXdDdrVVNOMG0w {"name":"operations/ZHV0Y2gtZGZkMjEvdXMtY2VudHJhbDEvbW9kdWxlL1NXdDdrVVNOMG0w","metadata":{"@type":"type.googleapis.com/google.cloud.functions.v1.OperationMetadataV1","target":"projects/dutch-dfd21/locations/us-central1/functions/module","type":"UPDATE_FUNCTION","request":{"@type":"type.googleapis.com/google.cloud.functions.v1.CloudFunction","name":"projects/dutch-dfd21/locations/us-central1/functions/module","httpsTrigger":{"url":"https://us-central1-dutch-dfd21.cloudfunctions.net/module","securityLevel":"SECURE_OPTIONAL"},"status":"OFFLINE","entryPoint":"module","timeout":"60s","availableMemoryMb":256,"serviceAccountEmail":"dutch-dfd21@appspot.gserviceaccount.com","updateTime":"2021-06-01T15:39:43.597Z","versionId":"1","labels":{"deployment-tool":"cli-firebase"},"sourceUploadUrl":"https://storage.googleapis.com/gcf-upload-us-central1-862e4a02-8665-423f-b1a3-c0916b28dda1/c6611e0e-96f7-413c-b145-c02fd6c03495.zip?GoogleAccessId=service-476844463720@gcf-admin-robot.iam.gserviceaccount.com&Expires=1622563887&Signature=GD96Fod0Ov0X2%2BBynnBCtf9sBX0pmejRjc%2FKdG5jIdpMF%2Fpseg%2BbUNrKzSiEvhvPUCZKnO5WlY9utXMS73cxjtryQnet9eHc%2B3YndwHohdlEIY074VB%2F%2BGnSfKtXH%2Bu9zHw8ntpr5KX3%2B37je%2BbYN7cgKO7W6cHDc4khe5oVGz1wsFznDNWm6HCuZamGse2D4Nr8scOcQQx3HqawUHake2eOBgcpCZkAlExnXR%2BssFrjSLMneg7qftrt8x1ZfEU3sTCnckK11L36J09cJoHbZzt0VIX6UNB4%2BSOUJ1D8z7w%2Fkd4JYYQqaUNe0EDQP6QmDI1uB5s0ZFjDXki42vLfrQ%3D%3D","environmentVariables":{"FIREBASE_CONFIG":"{\"projectId\":\"dutch-dfd21\",\"storageBucket\":\"dutch-dfd21.appspot.com\",\"locationId\":\"asia-south1\"}"},"runtime":"nodejs14","ingressSettings":"ALLOW_ALL","buildId":"d9fe9328-2999-41e5-a6de-fd9dbfcd8136"},"versionId":"2","updateTime":"2021-06-01T15:41:30Z","buildId":"4a745f9f-e2b1-4963-8de4-e32e7c1ea36c","buildName":"projects/476844463720/locations/us-central1/builds/4a745f9f-e2b1-4963-8de4-e32e7c1ea36c"}}
[debug] [2021-06-01T15:41:24.043Z] [update-projects/dutch-dfd21/locations/us-central1/functions/module] Retrying task index 0
[debug] [2021-06-01T15:41:24.044Z] >>> [apiv2][query] GET https://cloudfunctions.googleapis.com/v1/operations/ZHV0Y2gtZGZkMjEvdXMtY2VudHJhbDEvbW9kdWxlL1NXdDdrVVNOMG0w [none]
[debug] [2021-06-01T15:41:24.652Z] <<< [apiv2][status] GET https://cloudfunctions.googleapis.com/v1/operations/ZHV0Y2gtZGZkMjEvdXMtY2VudHJhbDEvbW9kdWxlL1NXdDdrVVNOMG0w 200
[debug] [2021-06-01T15:41:24.653Z] <<< [apiv2][body] GET https://cloudfunctions.googleapis.com/v1/operations/ZHV0Y2gtZGZkMjEvdXMtY2VudHJhbDEvbW9kdWxlL1NXdDdrVVNOMG0w {"name":"operations/ZHV0Y2gtZGZkMjEvdXMtY2VudHJhbDEvbW9kdWxlL1NXdDdrVVNOMG0w","metadata":{"@type":"type.googleapis.com/google.cloud.functions.v1.OperationMetadataV1","target":"projects/dutch-dfd21/locations/us-central1/functions/module","type":"UPDATE_FUNCTION","request":{"@type":"type.googleapis.com/google.cloud.functions.v1.CloudFunction","name":"projects/dutch-dfd21/locations/us-central1/functions/module","httpsTrigger":{"url":"https://us-central1-dutch-dfd21.cloudfunctions.net/module","securityLevel":"SECURE_OPTIONAL"},"status":"OFFLINE","entryPoint":"module","timeout":"60s","availableMemoryMb":256,"serviceAccountEmail":"dutch-dfd21@appspot.gserviceaccount.com","updateTime":"2021-06-01T15:39:43.597Z","versionId":"1","labels":{"deployment-tool":"cli-firebase"},"sourceUploadUrl":"https://storage.googleapis.com/gcf-upload-us-central1-862e4a02-8665-423f-b1a3-c0916b28dda1/c6611e0e-96f7-413c-b145-c02fd6c03495.zip?GoogleAccessId=service-476844463720@gcf-admin-robot.iam.gserviceaccount.com&Expires=1622563887&Signature=GD96Fod0Ov0X2%2BBynnBCtf9sBX0pmejRjc%2FKdG5jIdpMF%2Fpseg%2BbUNrKzSiEvhvPUCZKnO5WlY9utXMS73cxjtryQnet9eHc%2B3YndwHohdlEIY074VB%2F%2BGnSfKtXH%2Bu9zHw8ntpr5KX3%2B37je%2BbYN7cgKO7W6cHDc4khe5oVGz1wsFznDNWm6HCuZamGse2D4Nr8scOcQQx3HqawUHake2eOBgcpCZkAlExnXR%2BssFrjSLMneg7qftrt8x1ZfEU3sTCnckK11L36J09cJoHbZzt0VIX6UNB4%2BSOUJ1D8z7w%2Fkd4JYYQqaUNe0EDQP6QmDI1uB5s0ZFjDXki42vLfrQ%3D%3D","environmentVariables":{"FIREBASE_CONFIG":"{\"projectId\":\"dutch-dfd21\",\"storageBucket\":\"dutch-dfd21.appspot.com\",\"locationId\":\"asia-south1\"}"},"runtime":"nodejs14","ingressSettings":"ALLOW_ALL","buildId":"d9fe9328-2999-41e5-a6de-fd9dbfcd8136"},"versionId":"2","updateTime":"2021-06-01T15:41:30Z","buildId":"4a745f9f-e2b1-4963-8de4-e32e7c1ea36c","buildName":"projects/476844463720/locations/us-central1/builds/4a745f9f-e2b1-4963-8de4-e32e7c1ea36c"}}
[debug] [2021-06-01T15:41:40.663Z] [update-projects/dutch-dfd21/locations/us-central1/functions/module] Retrying task index 0
[debug] [2021-06-01T15:41:40.663Z] >>> [apiv2][query] GET https://cloudfunctions.googleapis.com/v1/operations/ZHV0Y2gtZGZkMjEvdXMtY2VudHJhbDEvbW9kdWxlL1NXdDdrVVNOMG0w [none]
[debug] [2021-06-01T15:41:41.299Z] <<< [apiv2][status] GET https://cloudfunctions.googleapis.com/v1/operations/ZHV0Y2gtZGZkMjEvdXMtY2VudHJhbDEvbW9kdWxlL1NXdDdrVVNOMG0w 200
[debug] [2021-06-01T15:41:41.300Z] <<< [apiv2][body] GET https://cloudfunctions.googleapis.com/v1/operations/ZHV0Y2gtZGZkMjEvdXMtY2VudHJhbDEvbW9kdWxlL1NXdDdrVVNOMG0w {"name":"operations/ZHV0Y2gtZGZkMjEvdXMtY2VudHJhbDEvbW9kdWxlL1NXdDdrVVNOMG0w","metadata":{"@type":"type.googleapis.com/google.cloud.functions.v1.OperationMetadataV1","target":"projects/dutch-dfd21/locations/us-central1/functions/module","type":"UPDATE_FUNCTION","request":{"@type":"type.googleapis.com/google.cloud.functions.v1.CloudFunction","name":"projects/dutch-dfd21/locations/us-central1/functions/module","httpsTrigger":{"url":"https://us-central1-dutch-dfd21.cloudfunctions.net/module","securityLevel":"SECURE_OPTIONAL"},"status":"OFFLINE","entryPoint":"module","timeout":"60s","availableMemoryMb":256,"serviceAccountEmail":"dutch-dfd21@appspot.gserviceaccount.com","updateTime":"2021-06-01T15:39:43.597Z","versionId":"1","labels":{"deployment-tool":"cli-firebase"},"sourceUploadUrl":"https://storage.googleapis.com/gcf-upload-us-central1-862e4a02-8665-423f-b1a3-c0916b28dda1/c6611e0e-96f7-413c-b145-c02fd6c03495.zip?GoogleAccessId=service-476844463720@gcf-admin-robot.iam.gserviceaccount.com&Expires=1622563887&Signature=GD96Fod0Ov0X2%2BBynnBCtf9sBX0pmejRjc%2FKdG5jIdpMF%2Fpseg%2BbUNrKzSiEvhvPUCZKnO5WlY9utXMS73cxjtryQnet9eHc%2B3YndwHohdlEIY074VB%2F%2BGnSfKtXH%2Bu9zHw8ntpr5KX3%2B37je%2BbYN7cgKO7W6cHDc4khe5oVGz1wsFznDNWm6HCuZamGse2D4Nr8scOcQQx3HqawUHake2eOBgcpCZkAlExnXR%2BssFrjSLMneg7qftrt8x1ZfEU3sTCnckK11L36J09cJoHbZzt0VIX6UNB4%2BSOUJ1D8z7w%2Fkd4JYYQqaUNe0EDQP6QmDI1uB5s0ZFjDXki42vLfrQ%3D%3D","environmentVariables":{"FIREBASE_CONFIG":"{\"projectId\":\"dutch-dfd21\",\"storageBucket\":\"dutch-dfd21.appspot.com\",\"locationId\":\"asia-south1\"}"},"runtime":"nodejs14","ingressSettings":"ALLOW_ALL","buildId":"d9fe9328-2999-41e5-a6de-fd9dbfcd8136"},"versionId":"2","updateTime":"2021-06-01T15:42:05Z","buildId":"4a745f9f-e2b1-4963-8de4-e32e7c1ea36c","buildName":"projects/476844463720/locations/us-central1/builds/4a745f9f-e2b1-4963-8de4-e32e7c1ea36c"},"done":true,"error":{"code":3,"message":"Build failed: npm ERR! cipm can only install packages when your package.json and package-lock.json or npm-shrinkwrap.json are in sync. Please update your lock file with `npm install` before continuing.\nnpm ERR! \nnpm ERR! \nnpm ERR! Missing: esm@^3.2.25\nnpm ERR! Missing: log-to-file@^2.0.2\nnpm ERR! Missing: morgan@^1.10.0\nnpm ERR! Missing: nodemon@^2.0.7\nnpm ERR! Missing: qrcode@^1.4.4\nnpm ERR! Missing: speakeasy@^2.0.0\nnpm ERR! Missing: uuidv4@^6.2.7\nnpm ERR! \n\nnpm ERR! A complete log of this run can be found in:\nnpm ERR!     /builder/home/.npm/_logs/2021-06-01T15_41_54_850Z-debug.log; Error ID: beaf8772"}}
[debug] [2021-06-01T15:41:41.300Z] Got sourceToken undefined for region us-central1
[debug] [2021-06-01T15:41:41.303Z] Total Function Deployment time: 37113
[debug] [2021-06-01T15:41:41.304Z] 1 Functions Deployed
[debug] [2021-06-01T15:41:41.304Z] 1 Functions Errored
[debug] [2021-06-01T15:41:41.305Z] Average Function Deployment time: 37113
[debug] [2021-06-01T15:41:41.307Z] > refreshing access token with scopes: ["email","https://www.googleapis.com/auth/cloud-platform","https://www.googleapis.com/auth/cloudplatformprojects.readonly","https://www.googleapis.com/auth/firebase","openid"]
[debug] [2021-06-01T15:41:41.307Z] >>> HTTP REQUEST POST https://www.googleapis.com/oauth2/v3/token  
 <request body omitted>
[debug] [2021-06-01T15:41:41.979Z] <<< HTTP RESPONSE 200 {"cache-control":"no-cache, no-store, max-age=0, must-revalidate","pragma":"no-cache","expires":"Mon, 01 Jan 1990 00:00:00 GMT","date":"Tue, 01 Jun 2021 15:42:07 GMT","content-type":"application/json; charset=utf-8","vary":"X-Origin, Referer, Origin,Accept-Encoding","server":"scaffolding on HTTPServer2","x-xss-protection":"0","x-frame-options":"SAMEORIGIN","x-content-type-options":"nosniff","alt-svc":"h3-29=\":443\"; ma=2592000,h3-T051=\":443\"; ma=2592000,h3-Q050=\":443\"; ma=2592000,h3-Q046=\":443\"; ma=2592000,h3-Q043=\":443\"; ma=2592000,quic=\":443\"; ma=2592000; v=\"46,43\"","accept-ranges":"none","transfer-encoding":"chunked"}
[debug] [2021-06-01T15:41:42.003Z] >>> HTTP REQUEST GET https://cloudfunctions.googleapis.com/v1/projects/dutch-dfd21/locations/-/functions  
 
[debug] [2021-06-01T15:41:42.757Z] <<< HTTP RESPONSE 200 {"content-type":"application/json; charset=UTF-8","vary":"X-Origin, Referer, Origin,Accept-Encoding","date":"Tue, 01 Jun 2021 15:42:08 GMT","server":"ESF","cache-control":"private","x-xss-protection":"0","x-frame-options":"SAMEORIGIN","x-content-type-options":"nosniff","alt-svc":"h3-29=\":443\"; ma=2592000,h3-T051=\":443\"; ma=2592000,h3-Q050=\":443\"; ma=2592000,h3-Q046=\":443\"; ma=2592000,h3-Q043=\":443\"; ma=2592000,quic=\":443\"; ma=2592000; v=\"46,43\"","accept-ranges":"none","transfer-encoding":"chunked"}
[info] Function URL (module(us-central1)): https://us-central1-dutch-dfd21.cloudfunctions.net/module
[info] 
Functions deploy had errors with the following functions:
[info] 	module(us-central1)
[info] 
To try redeploying those functions, run:
[info]     firebase deploy --only "functions:module"
[info] 
To continue deploying other features (such as database), run:
[info]     firebase deploy --except functions
[debug] [2021-06-01T15:41:42.762Z] 	Error during update for projects/dutch-dfd21/locations/us-central1/functions/module: 
[error] 
[error] Error: Functions did not deploy properly.
[debug] [2021-06-01T15:43:47.445Z] ----------------------------------------------------------------------
[debug] [2021-06-01T15:43:47.447Z] Command:       I:\Program Files\node\node.exe C:\Users\neonshobhit\AppData\Roaming\npm\node_modules\firebase-tools\lib\bin\firebase.js deploy --debug --only functions
[debug] [2021-06-01T15:43:47.448Z] CLI Version:   9.12.0
[debug] [2021-06-01T15:43:47.448Z] Platform:      win32
[debug] [2021-06-01T15:43:47.448Z] Node Version:  v14.15.4
[debug] [2021-06-01T15:43:47.449Z] Time:          Tue Jun 01 2021 21:13:47 GMT+0530 (India Standard Time)
[debug] [2021-06-01T15:43:47.449Z] ----------------------------------------------------------------------
[debug] 
[debug] [2021-06-01T15:43:47.460Z] > command requires scopes: ["email","openid","https://www.googleapis.com/auth/cloudplatformprojects.readonly","https://www.googleapis.com/auth/firebase","https://www.googleapis.com/auth/cloud-platform"]
[debug] [2021-06-01T15:43:47.462Z] > authorizing via signed-in user (shobhit.writes.code@gmail.com)
[debug] [2021-06-01T15:43:47.462Z] [iam] checking project dutch-dfd21 for permissions ["cloudfunctions.functions.create","cloudfunctions.functions.delete","cloudfunctions.functions.get","cloudfunctions.functions.list","cloudfunctions.functions.update","cloudfunctions.operations.get","firebase.projects.get"]
[debug] [2021-06-01T15:43:47.465Z] >>> HTTP REQUEST POST https://cloudresourcemanager.googleapis.com/v1/projects/dutch-dfd21:testIamPermissions  
 {"permissions":["cloudfunctions.functions.create","cloudfunctions.functions.delete","cloudfunctions.functions.get","cloudfunctions.functions.list","cloudfunctions.functions.update","cloudfunctions.operations.get","firebase.projects.get"]}
[debug] [2021-06-01T15:43:49.412Z] <<< HTTP RESPONSE 200 {"content-type":"application/json; charset=UTF-8","vary":"X-Origin, Referer, Origin,Accept-Encoding","date":"Tue, 01 Jun 2021 15:44:14 GMT","server":"ESF","cache-control":"private","x-xss-protection":"0","x-frame-options":"SAMEORIGIN","x-content-type-options":"nosniff","server-timing":"gfet4t7; dur=1410","alt-svc":"h3-29=\":443\"; ma=2592000,h3-T051=\":443\"; ma=2592000,h3-Q050=\":443\"; ma=2592000,h3-Q046=\":443\"; ma=2592000,h3-Q043=\":443\"; ma=2592000,quic=\":443\"; ma=2592000; v=\"46,43\"","accept-ranges":"none","transfer-encoding":"chunked"}
[debug] [2021-06-01T15:43:49.414Z] >>> HTTP REQUEST POST https://iam.googleapis.com/v1/projects/dutch-dfd21/serviceAccounts/dutch-dfd21@appspot.gserviceaccount.com:testIamPermissions  
 {"permissions":["iam.serviceAccounts.actAs"]}
[debug] [2021-06-01T15:43:51.412Z] <<< HTTP RESPONSE 200 {"content-type":"application/json; charset=UTF-8","vary":"X-Origin, Referer, Origin,Accept-Encoding","date":"Tue, 01 Jun 2021 15:44:16 GMT","server":"ESF","cache-control":"private","x-xss-protection":"0","x-frame-options":"SAMEORIGIN","x-content-type-options":"nosniff","alt-svc":"h3-29=\":443\"; ma=2592000,h3-T051=\":443\"; ma=2592000,h3-Q050=\":443\"; ma=2592000,h3-Q046=\":443\"; ma=2592000,h3-Q043=\":443\"; ma=2592000,quic=\":443\"; ma=2592000; v=\"46,43\"","accept-ranges":"none","transfer-encoding":"chunked"}
[info] 
[info] === Deploying to 'dutch-dfd21'...
[info] 
[info] i  deploying functions 
[info] Running command: npm --prefix "$RESOURCE_DIR" run lint
[info] +  functions: Finished running predeploy script. 
[info] i  functions: ensuring required API cloudfunctions.googleapis.com is enabled... 
[info] i  functions: ensuring required API cloudbuild.googleapis.com is enabled... 
[debug] [2021-06-01T15:43:58.416Z] >>> HTTP REQUEST GET https://serviceusage.googleapis.com/v1/projects/dutch-dfd21/services/cloudfunctions.googleapis.com  
 
[debug] [2021-06-01T15:43:58.417Z] >>> HTTP REQUEST GET https://serviceusage.googleapis.com/v1/projects/dutch-dfd21/services/runtimeconfig.googleapis.com  
 
[debug] [2021-06-01T15:43:58.418Z] >>> HTTP REQUEST GET https://serviceusage.googleapis.com/v1/projects/dutch-dfd21/services/cloudbuild.googleapis.com  
 
[debug] [2021-06-01T15:44:00.612Z] <<< HTTP RESPONSE 200 {"content-type":"application/json; charset=UTF-8","vary":"X-Origin, Referer, Origin,Accept-Encoding","date":"Tue, 01 Jun 2021 15:44:26 GMT","server":"ESF","cache-control":"private","x-xss-protection":"0","x-frame-options":"SAMEORIGIN","x-content-type-options":"nosniff","alt-svc":"h3-29=\":443\"; ma=2592000,h3-T051=\":443\"; ma=2592000,h3-Q050=\":443\"; ma=2592000,h3-Q046=\":443\"; ma=2592000,h3-Q043=\":443\"; ma=2592000,quic=\":443\"; ma=2592000; v=\"46,43\"","accept-ranges":"none","transfer-encoding":"chunked"}
[debug] [2021-06-01T15:44:00.701Z] <<< HTTP RESPONSE 200 {"content-type":"application/json; charset=UTF-8","vary":"X-Origin, Referer, Origin,Accept-Encoding","date":"Tue, 01 Jun 2021 15:44:26 GMT","server":"ESF","cache-control":"private","x-xss-protection":"0","x-frame-options":"SAMEORIGIN","x-content-type-options":"nosniff","alt-svc":"h3-29=\":443\"; ma=2592000,h3-T051=\":443\"; ma=2592000,h3-Q050=\":443\"; ma=2592000,h3-Q046=\":443\"; ma=2592000,h3-Q043=\":443\"; ma=2592000,quic=\":443\"; ma=2592000; v=\"46,43\"","accept-ranges":"none","transfer-encoding":"chunked"}
[info] +  functions: required API cloudfunctions.googleapis.com is enabled 
[debug] [2021-06-01T15:44:00.711Z] <<< HTTP RESPONSE 200 {"content-type":"application/json; charset=UTF-8","vary":"X-Origin, Referer, Origin,Accept-Encoding","date":"Tue, 01 Jun 2021 15:44:26 GMT","server":"ESF","cache-control":"private","x-xss-protection":"0","x-frame-options":"SAMEORIGIN","x-content-type-options":"nosniff","alt-svc":"h3-29=\":443\"; ma=2592000,h3-T051=\":443\"; ma=2592000,h3-Q050=\":443\"; ma=2592000,h3-Q046=\":443\"; ma=2592000,h3-Q043=\":443\"; ma=2592000,quic=\":443\"; ma=2592000; v=\"46,43\"","accept-ranges":"none","transfer-encoding":"chunked"}
[info] +  functions: required API cloudbuild.googleapis.com is enabled 
[debug] [2021-06-01T15:44:00.712Z] >>> HTTP REQUEST GET https://firebase.googleapis.com/v1beta1/projects/dutch-dfd21/adminSdkConfig  
 
[debug] [2021-06-01T15:44:01.805Z] <<< HTTP RESPONSE 200 {"content-type":"application/json; charset=UTF-8","vary":"X-Origin, Referer, Origin,Accept-Encoding","date":"Tue, 01 Jun 2021 15:44:27 GMT","server":"ESF","cache-control":"private","x-xss-protection":"0","x-frame-options":"SAMEORIGIN","x-content-type-options":"nosniff","alt-svc":"h3-29=\":443\"; ma=2592000,h3-T051=\":443\"; ma=2592000,h3-Q050=\":443\"; ma=2592000,h3-Q046=\":443\"; ma=2592000,h3-Q043=\":443\"; ma=2592000,quic=\":443\"; ma=2592000; v=\"46,43\"","accept-ranges":"none","transfer-encoding":"chunked"}
[info] i  functions: preparing functions directory for uploading... 
[debug] [2021-06-01T15:44:01.807Z] >>> HTTP REQUEST GET https://runtimeconfig.googleapis.com/v1beta1/projects/dutch-dfd21/configs  
 
[debug] [2021-06-01T15:44:03.645Z] <<< HTTP RESPONSE 200 {"content-type":"application/json; charset=UTF-8","vary":"X-Origin, Referer, Origin,Accept-Encoding","date":"Tue, 01 Jun 2021 15:44:29 GMT","server":"ESF","cache-control":"private","x-xss-protection":"0","x-frame-options":"SAMEORIGIN","x-content-type-options":"nosniff","alt-svc":"h3-29=\":443\"; ma=2592000,h3-T051=\":443\"; ma=2592000,h3-Q050=\":443\"; ma=2592000,h3-Q046=\":443\"; ma=2592000,h3-Q043=\":443\"; ma=2592000,quic=\":443\"; ma=2592000; v=\"46,43\"","accept-ranges":"none","transfer-encoding":"chunked"}
[debug] [2021-06-01T15:44:03.646Z] Analyizing backend with strategy parseJSExports
[info] i  functions: packaged functions (63.31 KB) for uploading 
[debug] [2021-06-01T15:44:04.584Z] > [functions] package.json contents: {
  "name": "functions",
  "description": "Cloud Functions for Firebase",
  "scripts": {
    "lint": "eslint .",
    "serve": "firebase emulators:start --only functions",
    "shell": "firebase functions:shell",
    "start": "npm run shell",
    "deploy": "firebase deploy --only functions",
    "logs": "firebase functions:log"
  },
  "engines": {
    "node": "14"
  },
  "main": "index.js",
  "dependencies": {
    "firebase-admin": "^9.8.0",
    "firebase-functions": "^3.14.1",
    "cors": "^2.8.5",
    "esm": "^3.2.25",
    "express": "^4.17.1",
    "jsonwebtoken": "^8.5.1",
    "log-to-file": "^2.0.2",
    "morgan": "^1.10.0",
    "nodemon": "^2.0.7",
    "qrcode": "^1.4.4",
    "speakeasy": "^2.0.0",
    "uuid": "^8.3.2",
    "uuidv4": "^6.2.7"
  },
  "devDependencies": {
    "eslint": "^7.6.0",
    "eslint-config-google": "^0.14.0",
    "firebase-functions-test": "^0.2.0"
  },
  "private": true
}
[debug] [2021-06-01T15:44:04.586Z] >>> HTTP REQUEST GET https://cloudfunctions.googleapis.com/v1/projects/dutch-dfd21/locations/-/functions  
 
[debug] [2021-06-01T15:44:05.793Z] <<< HTTP RESPONSE 200 {"content-type":"application/json; charset=UTF-8","vary":"X-Origin, Referer, Origin,Accept-Encoding","date":"Tue, 01 Jun 2021 15:44:31 GMT","server":"ESF","cache-control":"private","x-xss-protection":"0","x-frame-options":"SAMEORIGIN","x-content-type-options":"nosniff","alt-svc":"h3-29=\":443\"; ma=2592000,h3-T051=\":443\"; ma=2592000,h3-Q050=\":443\"; ma=2592000,h3-Q046=\":443\"; ma=2592000,h3-Q043=\":443\"; ma=2592000,quic=\":443\"; ma=2592000; v=\"46,43\"","accept-ranges":"none","transfer-encoding":"chunked"}
[debug] [2021-06-01T15:44:05.795Z] >>> HTTP REQUEST POST https://cloudfunctions.googleapis.com/v1/projects/dutch-dfd21/locations/us-central1/functions:generateUploadUrl  
 
[debug] [2021-06-01T15:44:07.911Z] <<< HTTP RESPONSE 200 {"content-type":"application/json; charset=UTF-8","vary":"X-Origin, Referer, Origin,Accept-Encoding","date":"Tue, 01 Jun 2021 15:44:33 GMT","server":"ESF","cache-control":"private","x-xss-protection":"0","x-frame-options":"SAMEORIGIN","x-content-type-options":"nosniff","alt-svc":"h3-29=\":443\"; ma=2592000,h3-T051=\":443\"; ma=2592000,h3-Q050=\":443\"; ma=2592000,h3-Q046=\":443\"; ma=2592000,h3-Q043=\":443\"; ma=2592000,quic=\":443\"; ma=2592000; v=\"46,43\"","accept-ranges":"none","transfer-encoding":"chunked"}
[debug] [2021-06-01T15:44:07.913Z] >>> HTTP REQUEST PUT https://storage.googleapis.com/gcf-upload-us-central1-862e4a02-8665-423f-b1a3-c0916b28dda1/5275dae7-3eee-4bbb-8385-1b6dde23c0b7.zip?GoogleAccessId=service-476844463720@gcf-admin-robot.iam.gserviceaccount.com&Expires=1622564073&Signature=NGWRZ8b4oO3CRB5RDN7CvKHj46kV0yhlk2hMUMIPsWX8%2BykjnBH3Wptyhe0uqGb3e97wf3r5hxwfjo8ejNQL4EKBqRzXaqZr%2BaQlfBfl4QTG0xqJwon6zHi6OpWYeEAAbyAoNIceHck%2B%2BUZRmddlqD6QfBkXqwcK8nTPm%2FW7mx8zB4imbnJOvCk4iPkfVsj6OCaHU8ZQJS03hZLlFliY5OEmuAl2imc8vIoCfuOtRTfNW05q3yKUFlw3mbGxRBsSOUirI4wxR0sPi3rrkBvi4MC%2Bfe05L0FShcU%2FoI1jEpG7Kaj96enOOWTNwzshBMr0HCi2DA2UZbtKRHSa0%2BVZvA%3D%3D  
 <request body omitted>
[debug] [2021-06-01T15:44:12.982Z] <<< HTTP RESPONSE 200 {"x-guploader-uploadid":"ABg5-UzZlbSco2sixWWp8ydBWvpPlmwx1Cuhekbe9xhP-Uu2ebDO2R9T3GSf8nTqQnyHpgAJVnFKffhbLiHKB08yRj4","etag":"\"cf0fc501d1613f8ef14dba28d0f0180c\"","x-goog-generation":"1622562278174899","x-goog-metageneration":"1","x-goog-hash":"crc32c=+cVfoA==, md5=zw/FAdFhP47xTboo0PAYDA==","x-goog-stored-content-length":"64828","x-goog-stored-content-encoding":"identity","vary":"Origin","content-length":"0","date":"Tue, 01 Jun 2021 15:44:38 GMT","server":"UploadServer","content-type":"text/html; charset=UTF-8","alt-svc":"h3-29=\":443\"; ma=2592000,h3-T051=\":443\"; ma=2592000,h3-Q050=\":443\"; ma=2592000,h3-Q046=\":443\"; ma=2592000,h3-Q043=\":443\"; ma=2592000,quic=\":443\"; ma=2592000; v=\"46,43\""}
[info] +  functions: functions folder uploaded successfully 
[info] i  functions: updating Node.js 14 function module(us-central1)... 
[debug] [2021-06-01T15:44:12.987Z] >>> HTTP REQUEST PATCH https://cloudfunctions.googleapis.com/v1/projects/dutch-dfd21/locations/us-central1/functions/module {"updateMask":"name,sourceUploadUrl,entryPoint,runtime,httpsTrigger.securityLevel,labels,environmentVariables"} 
 {"name":"projects/dutch-dfd21/locations/us-central1/functions/module","sourceUploadUrl":"https://storage.googleapis.com/gcf-upload-us-central1-862e4a02-8665-423f-b1a3-c0916b28dda1/5275dae7-3eee-4bbb-8385-1b6dde23c0b7.zip?GoogleAccessId=service-476844463720@gcf-admin-robot.iam.gserviceaccount.com&Expires=1622564073&Signature=NGWRZ8b4oO3CRB5RDN7CvKHj46kV0yhlk2hMUMIPsWX8%2BykjnBH3Wptyhe0uqGb3e97wf3r5hxwfjo8ejNQL4EKBqRzXaqZr%2BaQlfBfl4QTG0xqJwon6zHi6OpWYeEAAbyAoNIceHck%2B%2BUZRmddlqD6QfBkXqwcK8nTPm%2FW7mx8zB4imbnJOvCk4iPkfVsj6OCaHU8ZQJS03hZLlFliY5OEmuAl2imc8vIoCfuOtRTfNW05q3yKUFlw3mbGxRBsSOUirI4wxR0sPi3rrkBvi4MC%2Bfe05L0FShcU%2FoI1jEpG7Kaj96enOOWTNwzshBMr0HCi2DA2UZbtKRHSa0%2BVZvA%3D%3D","entryPoint":"module","runtime":"nodejs14","httpsTrigger":{"securityLevel":"SECURE_OPTIONAL"},"labels":{"deployment-tool":"cli-firebase"},"environmentVariables":{"FIREBASE_CONFIG":"{\"projectId\":\"dutch-dfd21\",\"storageBucket\":\"dutch-dfd21.appspot.com\",\"locationId\":\"asia-south1\"}"}}
[debug] [2021-06-01T15:44:14.405Z] <<< HTTP RESPONSE 200 {"content-type":"application/json; charset=UTF-8","vary":"X-Origin, Referer, Origin,Accept-Encoding","date":"Tue, 01 Jun 2021 15:44:39 GMT","server":"ESF","cache-control":"private","x-xss-protection":"0","x-frame-options":"SAMEORIGIN","x-content-type-options":"nosniff","alt-svc":"h3-29=\":443\"; ma=2592000,h3-T051=\":443\"; ma=2592000,h3-Q050=\":443\"; ma=2592000,h3-Q046=\":443\"; ma=2592000,h3-Q043=\":443\"; ma=2592000,quic=\":443\"; ma=2592000; v=\"46,43\"","accept-ranges":"none","transfer-encoding":"chunked"}
[debug] [2021-06-01T15:44:14.407Z] > refreshing access token with scopes: []
[debug] [2021-06-01T15:44:14.407Z] >>> HTTP REQUEST POST https://www.googleapis.com/oauth2/v3/token  
 <request body omitted>
[debug] [2021-06-01T15:44:14.719Z] <<< HTTP RESPONSE 200 {"date":"Tue, 01 Jun 2021 15:44:40 GMT","pragma":"no-cache","expires":"Mon, 01 Jan 1990 00:00:00 GMT","cache-control":"no-cache, no-store, max-age=0, must-revalidate","content-type":"application/json; charset=utf-8","vary":"X-Origin, Referer, Origin,Accept-Encoding","server":"scaffolding on HTTPServer2","x-xss-protection":"0","x-frame-options":"SAMEORIGIN","x-content-type-options":"nosniff","alt-svc":"h3-29=\":443\"; ma=2592000,h3-T051=\":443\"; ma=2592000,h3-Q050=\":443\"; ma=2592000,h3-Q046=\":443\"; ma=2592000,h3-Q043=\":443\"; ma=2592000,quic=\":443\"; ma=2592000; v=\"46,43\"","accept-ranges":"none","transfer-encoding":"chunked"}
[debug] [2021-06-01T15:44:14.753Z] >>> [apiv2][query] GET https://cloudfunctions.googleapis.com/v1/operations/ZHV0Y2gtZGZkMjEvdXMtY2VudHJhbDEvbW9kdWxlLzRQeTA1MVIzQjlj [none]
[debug] [2021-06-01T15:44:15.405Z] <<< [apiv2][status] GET https://cloudfunctions.googleapis.com/v1/operations/ZHV0Y2gtZGZkMjEvdXMtY2VudHJhbDEvbW9kdWxlLzRQeTA1MVIzQjlj 200
[debug] [2021-06-01T15:44:15.406Z] <<< [apiv2][body] GET https://cloudfunctions.googleapis.com/v1/operations/ZHV0Y2gtZGZkMjEvdXMtY2VudHJhbDEvbW9kdWxlLzRQeTA1MVIzQjlj {"name":"operations/ZHV0Y2gtZGZkMjEvdXMtY2VudHJhbDEvbW9kdWxlLzRQeTA1MVIzQjlj","metadata":{"@type":"type.googleapis.com/google.cloud.functions.v1.OperationMetadataV1","target":"projects/dutch-dfd21/locations/us-central1/functions/module","type":"UPDATE_FUNCTION","request":{"@type":"type.googleapis.com/google.cloud.functions.v1.CloudFunction","name":"projects/dutch-dfd21/locations/us-central1/functions/module","httpsTrigger":{"url":"https://us-central1-dutch-dfd21.cloudfunctions.net/module","securityLevel":"SECURE_OPTIONAL"},"status":"OFFLINE","entryPoint":"module","timeout":"60s","availableMemoryMb":256,"serviceAccountEmail":"dutch-dfd21@appspot.gserviceaccount.com","updateTime":"2021-06-01T15:39:43.597Z","versionId":"2","labels":{"deployment-tool":"cli-firebase"},"sourceUploadUrl":"https://storage.googleapis.com/gcf-upload-us-central1-862e4a02-8665-423f-b1a3-c0916b28dda1/5275dae7-3eee-4bbb-8385-1b6dde23c0b7.zip?GoogleAccessId=service-476844463720@gcf-admin-robot.iam.gserviceaccount.com&Expires=1622564073&Signature=NGWRZ8b4oO3CRB5RDN7CvKHj46kV0yhlk2hMUMIPsWX8%2BykjnBH3Wptyhe0uqGb3e97wf3r5hxwfjo8ejNQL4EKBqRzXaqZr%2BaQlfBfl4QTG0xqJwon6zHi6OpWYeEAAbyAoNIceHck%2B%2BUZRmddlqD6QfBkXqwcK8nTPm%2FW7mx8zB4imbnJOvCk4iPkfVsj6OCaHU8ZQJS03hZLlFliY5OEmuAl2imc8vIoCfuOtRTfNW05q3yKUFlw3mbGxRBsSOUirI4wxR0sPi3rrkBvi4MC%2Bfe05L0FShcU%2FoI1jEpG7Kaj96enOOWTNwzshBMr0HCi2DA2UZbtKRHSa0%2BVZvA%3D%3D","environmentVariables":{"FIREBASE_CONFIG":"{\"projectId\":\"dutch-dfd21\",\"storageBucket\":\"dutch-dfd21.appspot.com\",\"locationId\":\"asia-south1\"}"},"runtime":"nodejs14","ingressSettings":"ALLOW_ALL","buildId":"4a745f9f-e2b1-4963-8de4-e32e7c1ea36c"},"versionId":"3","updateTime":"2021-06-01T15:44:39Z","buildId":"7dfa1b6f-ad92-4043-bd3e-e0b41fb1e42a","buildName":"projects/476844463720/locations/us-central1/builds/7dfa1b6f-ad92-4043-bd3e-e0b41fb1e42a"}}
[debug] [2021-06-01T15:44:15.908Z] [update-projects/dutch-dfd21/locations/us-central1/functions/module] Retrying task index 0
[debug] [2021-06-01T15:44:15.909Z] >>> [apiv2][query] GET https://cloudfunctions.googleapis.com/v1/operations/ZHV0Y2gtZGZkMjEvdXMtY2VudHJhbDEvbW9kdWxlLzRQeTA1MVIzQjlj [none]
[debug] [2021-06-01T15:44:17.394Z] <<< [apiv2][status] GET https://cloudfunctions.googleapis.com/v1/operations/ZHV0Y2gtZGZkMjEvdXMtY2VudHJhbDEvbW9kdWxlLzRQeTA1MVIzQjlj 200
[debug] [2021-06-01T15:44:17.394Z] <<< [apiv2][body] GET https://cloudfunctions.googleapis.com/v1/operations/ZHV0Y2gtZGZkMjEvdXMtY2VudHJhbDEvbW9kdWxlLzRQeTA1MVIzQjlj {"name":"operations/ZHV0Y2gtZGZkMjEvdXMtY2VudHJhbDEvbW9kdWxlLzRQeTA1MVIzQjlj","metadata":{"@type":"type.googleapis.com/google.cloud.functions.v1.OperationMetadataV1","target":"projects/dutch-dfd21/locations/us-central1/functions/module","type":"UPDATE_FUNCTION","request":{"@type":"type.googleapis.com/google.cloud.functions.v1.CloudFunction","name":"projects/dutch-dfd21/locations/us-central1/functions/module","httpsTrigger":{"url":"https://us-central1-dutch-dfd21.cloudfunctions.net/module","securityLevel":"SECURE_OPTIONAL"},"status":"OFFLINE","entryPoint":"module","timeout":"60s","availableMemoryMb":256,"serviceAccountEmail":"dutch-dfd21@appspot.gserviceaccount.com","updateTime":"2021-06-01T15:39:43.597Z","versionId":"2","labels":{"deployment-tool":"cli-firebase"},"sourceUploadUrl":"https://storage.googleapis.com/gcf-upload-us-central1-862e4a02-8665-423f-b1a3-c0916b28dda1/5275dae7-3eee-4bbb-8385-1b6dde23c0b7.zip?GoogleAccessId=service-476844463720@gcf-admin-robot.iam.gserviceaccount.com&Expires=1622564073&Signature=NGWRZ8b4oO3CRB5RDN7CvKHj46kV0yhlk2hMUMIPsWX8%2BykjnBH3Wptyhe0uqGb3e97wf3r5hxwfjo8ejNQL4EKBqRzXaqZr%2BaQlfBfl4QTG0xqJwon6zHi6OpWYeEAAbyAoNIceHck%2B%2BUZRmddlqD6QfBkXqwcK8nTPm%2FW7mx8zB4imbnJOvCk4iPkfVsj6OCaHU8ZQJS03hZLlFliY5OEmuAl2imc8vIoCfuOtRTfNW05q3yKUFlw3mbGxRBsSOUirI4wxR0sPi3rrkBvi4MC%2Bfe05L0FShcU%2FoI1jEpG7Kaj96enOOWTNwzshBMr0HCi2DA2UZbtKRHSa0%2BVZvA%3D%3D","environmentVariables":{"FIREBASE_CONFIG":"{\"projectId\":\"dutch-dfd21\",\"storageBucket\":\"dutch-dfd21.appspot.com\",\"locationId\":\"asia-south1\"}"},"runtime":"nodejs14","ingressSettings":"ALLOW_ALL","buildId":"4a745f9f-e2b1-4963-8de4-e32e7c1ea36c"},"versionId":"3","updateTime":"2021-06-01T15:44:39Z","buildId":"7dfa1b6f-ad92-4043-bd3e-e0b41fb1e42a","buildName":"projects/476844463720/locations/us-central1/builds/7dfa1b6f-ad92-4043-bd3e-e0b41fb1e42a"}}
[debug] [2021-06-01T15:44:18.409Z] [update-projects/dutch-dfd21/locations/us-central1/functions/module] Retrying task index 0
[debug] [2021-06-01T15:44:18.409Z] >>> [apiv2][query] GET https://cloudfunctions.googleapis.com/v1/operations/ZHV0Y2gtZGZkMjEvdXMtY2VudHJhbDEvbW9kdWxlLzRQeTA1MVIzQjlj [none]
[debug] [2021-06-01T15:44:19.042Z] <<< [apiv2][status] GET https://cloudfunctions.googleapis.com/v1/operations/ZHV0Y2gtZGZkMjEvdXMtY2VudHJhbDEvbW9kdWxlLzRQeTA1MVIzQjlj 200
[debug] [2021-06-01T15:44:19.043Z] <<< [apiv2][body] GET https://cloudfunctions.googleapis.com/v1/operations/ZHV0Y2gtZGZkMjEvdXMtY2VudHJhbDEvbW9kdWxlLzRQeTA1MVIzQjlj {"name":"operations/ZHV0Y2gtZGZkMjEvdXMtY2VudHJhbDEvbW9kdWxlLzRQeTA1MVIzQjlj","metadata":{"@type":"type.googleapis.com/google.cloud.functions.v1.OperationMetadataV1","target":"projects/dutch-dfd21/locations/us-central1/functions/module","type":"UPDATE_FUNCTION","request":{"@type":"type.googleapis.com/google.cloud.functions.v1.CloudFunction","name":"projects/dutch-dfd21/locations/us-central1/functions/module","httpsTrigger":{"url":"https://us-central1-dutch-dfd21.cloudfunctions.net/module","securityLevel":"SECURE_OPTIONAL"},"status":"OFFLINE","entryPoint":"module","timeout":"60s","availableMemoryMb":256,"serviceAccountEmail":"dutch-dfd21@appspot.gserviceaccount.com","updateTime":"2021-06-01T15:39:43.597Z","versionId":"2","labels":{"deployment-tool":"cli-firebase"},"sourceUploadUrl":"https://storage.googleapis.com/gcf-upload-us-central1-862e4a02-8665-423f-b1a3-c0916b28dda1/5275dae7-3eee-4bbb-8385-1b6dde23c0b7.zip?GoogleAccessId=service-476844463720@gcf-admin-robot.iam.gserviceaccount.com&Expires=1622564073&Signature=NGWRZ8b4oO3CRB5RDN7CvKHj46kV0yhlk2hMUMIPsWX8%2BykjnBH3Wptyhe0uqGb3e97wf3r5hxwfjo8ejNQL4EKBqRzXaqZr%2BaQlfBfl4QTG0xqJwon6zHi6OpWYeEAAbyAoNIceHck%2B%2BUZRmddlqD6QfBkXqwcK8nTPm%2FW7mx8zB4imbnJOvCk4iPkfVsj6OCaHU8ZQJS03hZLlFliY5OEmuAl2imc8vIoCfuOtRTfNW05q3yKUFlw3mbGxRBsSOUirI4wxR0sPi3rrkBvi4MC%2Bfe05L0FShcU%2FoI1jEpG7Kaj96enOOWTNwzshBMr0HCi2DA2UZbtKRHSa0%2BVZvA%3D%3D","environmentVariables":{"FIREBASE_CONFIG":"{\"projectId\":\"dutch-dfd21\",\"storageBucket\":\"dutch-dfd21.appspot.com\",\"locationId\":\"asia-south1\"}"},"runtime":"nodejs14","ingressSettings":"ALLOW_ALL","buildId":"4a745f9f-e2b1-4963-8de4-e32e7c1ea36c"},"versionId":"3","updateTime":"2021-06-01T15:44:39Z","buildId":"7dfa1b6f-ad92-4043-bd3e-e0b41fb1e42a","buildName":"projects/476844463720/locations/us-central1/builds/7dfa1b6f-ad92-4043-bd3e-e0b41fb1e42a"}}
[debug] [2021-06-01T15:44:21.054Z] [update-projects/dutch-dfd21/locations/us-central1/functions/module] Retrying task index 0
[debug] [2021-06-01T15:44:21.054Z] >>> [apiv2][query] GET https://cloudfunctions.googleapis.com/v1/operations/ZHV0Y2gtZGZkMjEvdXMtY2VudHJhbDEvbW9kdWxlLzRQeTA1MVIzQjlj [none]
[debug] [2021-06-01T15:44:22.748Z] <<< [apiv2][status] GET https://cloudfunctions.googleapis.com/v1/operations/ZHV0Y2gtZGZkMjEvdXMtY2VudHJhbDEvbW9kdWxlLzRQeTA1MVIzQjlj 200
[debug] [2021-06-01T15:44:22.748Z] <<< [apiv2][body] GET https://cloudfunctions.googleapis.com/v1/operations/ZHV0Y2gtZGZkMjEvdXMtY2VudHJhbDEvbW9kdWxlLzRQeTA1MVIzQjlj {"name":"operations/ZHV0Y2gtZGZkMjEvdXMtY2VudHJhbDEvbW9kdWxlLzRQeTA1MVIzQjlj","metadata":{"@type":"type.googleapis.com/google.cloud.functions.v1.OperationMetadataV1","target":"projects/dutch-dfd21/locations/us-central1/functions/module","type":"UPDATE_FUNCTION","request":{"@type":"type.googleapis.com/google.cloud.functions.v1.CloudFunction","name":"projects/dutch-dfd21/locations/us-central1/functions/module","httpsTrigger":{"url":"https://us-central1-dutch-dfd21.cloudfunctions.net/module","securityLevel":"SECURE_OPTIONAL"},"status":"OFFLINE","entryPoint":"module","timeout":"60s","availableMemoryMb":256,"serviceAccountEmail":"dutch-dfd21@appspot.gserviceaccount.com","updateTime":"2021-06-01T15:39:43.597Z","versionId":"2","labels":{"deployment-tool":"cli-firebase"},"sourceUploadUrl":"https://storage.googleapis.com/gcf-upload-us-central1-862e4a02-8665-423f-b1a3-c0916b28dda1/5275dae7-3eee-4bbb-8385-1b6dde23c0b7.zip?GoogleAccessId=service-476844463720@gcf-admin-robot.iam.gserviceaccount.com&Expires=1622564073&Signature=NGWRZ8b4oO3CRB5RDN7CvKHj46kV0yhlk2hMUMIPsWX8%2BykjnBH3Wptyhe0uqGb3e97wf3r5hxwfjo8ejNQL4EKBqRzXaqZr%2BaQlfBfl4QTG0xqJwon6zHi6OpWYeEAAbyAoNIceHck%2B%2BUZRmddlqD6QfBkXqwcK8nTPm%2FW7mx8zB4imbnJOvCk4iPkfVsj6OCaHU8ZQJS03hZLlFliY5OEmuAl2imc8vIoCfuOtRTfNW05q3yKUFlw3mbGxRBsSOUirI4wxR0sPi3rrkBvi4MC%2Bfe05L0FShcU%2FoI1jEpG7Kaj96enOOWTNwzshBMr0HCi2DA2UZbtKRHSa0%2BVZvA%3D%3D","environmentVariables":{"FIREBASE_CONFIG":"{\"projectId\":\"dutch-dfd21\",\"storageBucket\":\"dutch-dfd21.appspot.com\",\"locationId\":\"asia-south1\"}"},"runtime":"nodejs14","ingressSettings":"ALLOW_ALL","buildId":"4a745f9f-e2b1-4963-8de4-e32e7c1ea36c"},"versionId":"3","updateTime":"2021-06-01T15:44:39Z","buildId":"7dfa1b6f-ad92-4043-bd3e-e0b41fb1e42a","buildName":"projects/476844463720/locations/us-central1/builds/7dfa1b6f-ad92-4043-bd3e-e0b41fb1e42a"}}
[debug] [2021-06-01T15:44:26.752Z] [update-projects/dutch-dfd21/locations/us-central1/functions/module] Retrying task index 0
[debug] [2021-06-01T15:44:26.753Z] >>> [apiv2][query] GET https://cloudfunctions.googleapis.com/v1/operations/ZHV0Y2gtZGZkMjEvdXMtY2VudHJhbDEvbW9kdWxlLzRQeTA1MVIzQjlj [none]
[debug] [2021-06-01T15:44:27.417Z] <<< [apiv2][status] GET https://cloudfunctions.googleapis.com/v1/operations/ZHV0Y2gtZGZkMjEvdXMtY2VudHJhbDEvbW9kdWxlLzRQeTA1MVIzQjlj 200
[debug] [2021-06-01T15:44:27.417Z] <<< [apiv2][body] GET https://cloudfunctions.googleapis.com/v1/operations/ZHV0Y2gtZGZkMjEvdXMtY2VudHJhbDEvbW9kdWxlLzRQeTA1MVIzQjlj {"name":"operations/ZHV0Y2gtZGZkMjEvdXMtY2VudHJhbDEvbW9kdWxlLzRQeTA1MVIzQjlj","metadata":{"@type":"type.googleapis.com/google.cloud.functions.v1.OperationMetadataV1","target":"projects/dutch-dfd21/locations/us-central1/functions/module","type":"UPDATE_FUNCTION","request":{"@type":"type.googleapis.com/google.cloud.functions.v1.CloudFunction","name":"projects/dutch-dfd21/locations/us-central1/functions/module","httpsTrigger":{"url":"https://us-central1-dutch-dfd21.cloudfunctions.net/module","securityLevel":"SECURE_OPTIONAL"},"status":"OFFLINE","entryPoint":"module","timeout":"60s","availableMemoryMb":256,"serviceAccountEmail":"dutch-dfd21@appspot.gserviceaccount.com","updateTime":"2021-06-01T15:39:43.597Z","versionId":"2","labels":{"deployment-tool":"cli-firebase"},"sourceUploadUrl":"https://storage.googleapis.com/gcf-upload-us-central1-862e4a02-8665-423f-b1a3-c0916b28dda1/5275dae7-3eee-4bbb-8385-1b6dde23c0b7.zip?GoogleAccessId=service-476844463720@gcf-admin-robot.iam.gserviceaccount.com&Expires=1622564073&Signature=NGWRZ8b4oO3CRB5RDN7CvKHj46kV0yhlk2hMUMIPsWX8%2BykjnBH3Wptyhe0uqGb3e97wf3r5hxwfjo8ejNQL4EKBqRzXaqZr%2BaQlfBfl4QTG0xqJwon6zHi6OpWYeEAAbyAoNIceHck%2B%2BUZRmddlqD6QfBkXqwcK8nTPm%2FW7mx8zB4imbnJOvCk4iPkfVsj6OCaHU8ZQJS03hZLlFliY5OEmuAl2imc8vIoCfuOtRTfNW05q3yKUFlw3mbGxRBsSOUirI4wxR0sPi3rrkBvi4MC%2Bfe05L0FShcU%2FoI1jEpG7Kaj96enOOWTNwzshBMr0HCi2DA2UZbtKRHSa0%2BVZvA%3D%3D","environmentVariables":{"FIREBASE_CONFIG":"{\"projectId\":\"dutch-dfd21\",\"storageBucket\":\"dutch-dfd21.appspot.com\",\"locationId\":\"asia-south1\"}"},"runtime":"nodejs14","ingressSettings":"ALLOW_ALL","buildId":"4a745f9f-e2b1-4963-8de4-e32e7c1ea36c"},"versionId":"3","updateTime":"2021-06-01T15:44:39Z","buildId":"7dfa1b6f-ad92-4043-bd3e-e0b41fb1e42a","buildName":"projects/476844463720/locations/us-central1/builds/7dfa1b6f-ad92-4043-bd3e-e0b41fb1e42a"}}
[debug] [2021-06-01T15:44:35.431Z] [update-projects/dutch-dfd21/locations/us-central1/functions/module] Retrying task index 0
[debug] [2021-06-01T15:44:35.434Z] >>> [apiv2][query] GET https://cloudfunctions.googleapis.com/v1/operations/ZHV0Y2gtZGZkMjEvdXMtY2VudHJhbDEvbW9kdWxlLzRQeTA1MVIzQjlj [none]
[debug] [2021-06-01T15:44:36.008Z] <<< [apiv2][status] GET https://cloudfunctions.googleapis.com/v1/operations/ZHV0Y2gtZGZkMjEvdXMtY2VudHJhbDEvbW9kdWxlLzRQeTA1MVIzQjlj 200
[debug] [2021-06-01T15:44:36.008Z] <<< [apiv2][body] GET https://cloudfunctions.googleapis.com/v1/operations/ZHV0Y2gtZGZkMjEvdXMtY2VudHJhbDEvbW9kdWxlLzRQeTA1MVIzQjlj {"name":"operations/ZHV0Y2gtZGZkMjEvdXMtY2VudHJhbDEvbW9kdWxlLzRQeTA1MVIzQjlj","metadata":{"@type":"type.googleapis.com/google.cloud.functions.v1.OperationMetadataV1","target":"projects/dutch-dfd21/locations/us-central1/functions/module","type":"UPDATE_FUNCTION","request":{"@type":"type.googleapis.com/google.cloud.functions.v1.CloudFunction","name":"projects/dutch-dfd21/locations/us-central1/functions/module","httpsTrigger":{"url":"https://us-central1-dutch-dfd21.cloudfunctions.net/module","securityLevel":"SECURE_OPTIONAL"},"status":"OFFLINE","entryPoint":"module","timeout":"60s","availableMemoryMb":256,"serviceAccountEmail":"dutch-dfd21@appspot.gserviceaccount.com","updateTime":"2021-06-01T15:39:43.597Z","versionId":"2","labels":{"deployment-tool":"cli-firebase"},"sourceUploadUrl":"https://storage.googleapis.com/gcf-upload-us-central1-862e4a02-8665-423f-b1a3-c0916b28dda1/5275dae7-3eee-4bbb-8385-1b6dde23c0b7.zip?GoogleAccessId=service-476844463720@gcf-admin-robot.iam.gserviceaccount.com&Expires=1622564073&Signature=NGWRZ8b4oO3CRB5RDN7CvKHj46kV0yhlk2hMUMIPsWX8%2BykjnBH3Wptyhe0uqGb3e97wf3r5hxwfjo8ejNQL4EKBqRzXaqZr%2BaQlfBfl4QTG0xqJwon6zHi6OpWYeEAAbyAoNIceHck%2B%2BUZRmddlqD6QfBkXqwcK8nTPm%2FW7mx8zB4imbnJOvCk4iPkfVsj6OCaHU8ZQJS03hZLlFliY5OEmuAl2imc8vIoCfuOtRTfNW05q3yKUFlw3mbGxRBsSOUirI4wxR0sPi3rrkBvi4MC%2Bfe05L0FShcU%2FoI1jEpG7Kaj96enOOWTNwzshBMr0HCi2DA2UZbtKRHSa0%2BVZvA%3D%3D","environmentVariables":{"FIREBASE_CONFIG":"{\"projectId\":\"dutch-dfd21\",\"storageBucket\":\"dutch-dfd21.appspot.com\",\"locationId\":\"asia-south1\"}"},"runtime":"nodejs14","ingressSettings":"ALLOW_ALL","buildId":"4a745f9f-e2b1-4963-8de4-e32e7c1ea36c"},"versionId":"3","updateTime":"2021-06-01T15:44:39Z","buildId":"7dfa1b6f-ad92-4043-bd3e-e0b41fb1e42a","buildName":"projects/476844463720/locations/us-central1/builds/7dfa1b6f-ad92-4043-bd3e-e0b41fb1e42a"}}
[debug] [2021-06-01T15:44:52.013Z] [update-projects/dutch-dfd21/locations/us-central1/functions/module] Retrying task index 0
[debug] [2021-06-01T15:44:52.015Z] >>> [apiv2][query] GET https://cloudfunctions.googleapis.com/v1/operations/ZHV0Y2gtZGZkMjEvdXMtY2VudHJhbDEvbW9kdWxlLzRQeTA1MVIzQjlj [none]
[debug] [2021-06-01T15:44:53.016Z] <<< [apiv2][status] GET https://cloudfunctions.googleapis.com/v1/operations/ZHV0Y2gtZGZkMjEvdXMtY2VudHJhbDEvbW9kdWxlLzRQeTA1MVIzQjlj 200
[debug] [2021-06-01T15:44:53.016Z] <<< [apiv2][body] GET https://cloudfunctions.googleapis.com/v1/operations/ZHV0Y2gtZGZkMjEvdXMtY2VudHJhbDEvbW9kdWxlLzRQeTA1MVIzQjlj {"name":"operations/ZHV0Y2gtZGZkMjEvdXMtY2VudHJhbDEvbW9kdWxlLzRQeTA1MVIzQjlj","metadata":{"@type":"type.googleapis.com/google.cloud.functions.v1.OperationMetadataV1","target":"projects/dutch-dfd21/locations/us-central1/functions/module","type":"UPDATE_FUNCTION","request":{"@type":"type.googleapis.com/google.cloud.functions.v1.CloudFunction","name":"projects/dutch-dfd21/locations/us-central1/functions/module","httpsTrigger":{"url":"https://us-central1-dutch-dfd21.cloudfunctions.net/module","securityLevel":"SECURE_OPTIONAL"},"status":"OFFLINE","entryPoint":"module","timeout":"60s","availableMemoryMb":256,"serviceAccountEmail":"dutch-dfd21@appspot.gserviceaccount.com","updateTime":"2021-06-01T15:39:43.597Z","versionId":"2","labels":{"deployment-tool":"cli-firebase"},"sourceUploadUrl":"https://storage.googleapis.com/gcf-upload-us-central1-862e4a02-8665-423f-b1a3-c0916b28dda1/5275dae7-3eee-4bbb-8385-1b6dde23c0b7.zip?GoogleAccessId=service-476844463720@gcf-admin-robot.iam.gserviceaccount.com&Expires=1622564073&Signature=NGWRZ8b4oO3CRB5RDN7CvKHj46kV0yhlk2hMUMIPsWX8%2BykjnBH3Wptyhe0uqGb3e97wf3r5hxwfjo8ejNQL4EKBqRzXaqZr%2BaQlfBfl4QTG0xqJwon6zHi6OpWYeEAAbyAoNIceHck%2B%2BUZRmddlqD6QfBkXqwcK8nTPm%2FW7mx8zB4imbnJOvCk4iPkfVsj6OCaHU8ZQJS03hZLlFliY5OEmuAl2imc8vIoCfuOtRTfNW05q3yKUFlw3mbGxRBsSOUirI4wxR0sPi3rrkBvi4MC%2Bfe05L0FShcU%2FoI1jEpG7Kaj96enOOWTNwzshBMr0HCi2DA2UZbtKRHSa0%2BVZvA%3D%3D","environmentVariables":{"FIREBASE_CONFIG":"{\"projectId\":\"dutch-dfd21\",\"storageBucket\":\"dutch-dfd21.appspot.com\",\"locationId\":\"asia-south1\"}"},"runtime":"nodejs14","ingressSettings":"ALLOW_ALL","buildId":"4a745f9f-e2b1-4963-8de4-e32e7c1ea36c"},"versionId":"3","updateTime":"2021-06-01T15:44:39Z","buildId":"7dfa1b6f-ad92-4043-bd3e-e0b41fb1e42a","buildName":"projects/476844463720/locations/us-central1/builds/7dfa1b6f-ad92-4043-bd3e-e0b41fb1e42a"}}
[debug] [2021-06-01T15:45:25.021Z] [update-projects/dutch-dfd21/locations/us-central1/functions/module] Retrying task index 0
[debug] [2021-06-01T15:45:25.022Z] >>> [apiv2][query] GET https://cloudfunctions.googleapis.com/v1/operations/ZHV0Y2gtZGZkMjEvdXMtY2VudHJhbDEvbW9kdWxlLzRQeTA1MVIzQjlj [none]
[debug] [2021-06-01T15:45:26.029Z] <<< [apiv2][status] GET https://cloudfunctions.googleapis.com/v1/operations/ZHV0Y2gtZGZkMjEvdXMtY2VudHJhbDEvbW9kdWxlLzRQeTA1MVIzQjlj 200
[debug] [2021-06-01T15:45:26.029Z] <<< [apiv2][body] GET https://cloudfunctions.googleapis.com/v1/operations/ZHV0Y2gtZGZkMjEvdXMtY2VudHJhbDEvbW9kdWxlLzRQeTA1MVIzQjlj {"name":"operations/ZHV0Y2gtZGZkMjEvdXMtY2VudHJhbDEvbW9kdWxlLzRQeTA1MVIzQjlj","metadata":{"@type":"type.googleapis.com/google.cloud.functions.v1.OperationMetadataV1","target":"projects/dutch-dfd21/locations/us-central1/functions/module","type":"UPDATE_FUNCTION","request":{"@type":"type.googleapis.com/google.cloud.functions.v1.CloudFunction","name":"projects/dutch-dfd21/locations/us-central1/functions/module","httpsTrigger":{"url":"https://us-central1-dutch-dfd21.cloudfunctions.net/module","securityLevel":"SECURE_OPTIONAL"},"status":"OFFLINE","entryPoint":"module","timeout":"60s","availableMemoryMb":256,"serviceAccountEmail":"dutch-dfd21@appspot.gserviceaccount.com","updateTime":"2021-06-01T15:39:43.597Z","versionId":"2","labels":{"deployment-tool":"cli-firebase"},"sourceUploadUrl":"https://storage.googleapis.com/gcf-upload-us-central1-862e4a02-8665-423f-b1a3-c0916b28dda1/5275dae7-3eee-4bbb-8385-1b6dde23c0b7.zip?GoogleAccessId=service-476844463720@gcf-admin-robot.iam.gserviceaccount.com&Expires=1622564073&Signature=NGWRZ8b4oO3CRB5RDN7CvKHj46kV0yhlk2hMUMIPsWX8%2BykjnBH3Wptyhe0uqGb3e97wf3r5hxwfjo8ejNQL4EKBqRzXaqZr%2BaQlfBfl4QTG0xqJwon6zHi6OpWYeEAAbyAoNIceHck%2B%2BUZRmddlqD6QfBkXqwcK8nTPm%2FW7mx8zB4imbnJOvCk4iPkfVsj6OCaHU8ZQJS03hZLlFliY5OEmuAl2imc8vIoCfuOtRTfNW05q3yKUFlw3mbGxRBsSOUirI4wxR0sPi3rrkBvi4MC%2Bfe05L0FShcU%2FoI1jEpG7Kaj96enOOWTNwzshBMr0HCi2DA2UZbtKRHSa0%2BVZvA%3D%3D","environmentVariables":{"FIREBASE_CONFIG":"{\"projectId\":\"dutch-dfd21\",\"storageBucket\":\"dutch-dfd21.appspot.com\",\"locationId\":\"asia-south1\"}"},"runtime":"nodejs14","ingressSettings":"ALLOW_ALL","buildId":"4a745f9f-e2b1-4963-8de4-e32e7c1ea36c"},"versionId":"3","updateTime":"2021-06-01T15:44:39Z","buildId":"7dfa1b6f-ad92-4043-bd3e-e0b41fb1e42a","sourceToken":"ddc84b17-2b45-42d5-9de6-4ce157397e64","buildName":"projects/476844463720/locations/us-central1/builds/7dfa1b6f-ad92-4043-bd3e-e0b41fb1e42a"}}
[debug] [2021-06-01T15:45:26.030Z] Got sourceToken ddc84b17-2b45-42d5-9de6-4ce157397e64 for region us-central1
[debug] [2021-06-01T15:46:26.044Z] [update-projects/dutch-dfd21/locations/us-central1/functions/module] Retrying task index 0
[debug] [2021-06-01T15:46:26.045Z] >>> [apiv2][query] GET https://cloudfunctions.googleapis.com/v1/operations/ZHV0Y2gtZGZkMjEvdXMtY2VudHJhbDEvbW9kdWxlLzRQeTA1MVIzQjlj [none]
[debug] [2021-06-01T15:46:26.927Z] <<< [apiv2][status] GET https://cloudfunctions.googleapis.com/v1/operations/ZHV0Y2gtZGZkMjEvdXMtY2VudHJhbDEvbW9kdWxlLzRQeTA1MVIzQjlj 200
[debug] [2021-06-01T15:46:26.928Z] <<< [apiv2][body] GET https://cloudfunctions.googleapis.com/v1/operations/ZHV0Y2gtZGZkMjEvdXMtY2VudHJhbDEvbW9kdWxlLzRQeTA1MVIzQjlj {"name":"operations/ZHV0Y2gtZGZkMjEvdXMtY2VudHJhbDEvbW9kdWxlLzRQeTA1MVIzQjlj","metadata":{"@type":"type.googleapis.com/google.cloud.functions.v1.OperationMetadataV1","target":"projects/dutch-dfd21/locations/us-central1/functions/module","type":"UPDATE_FUNCTION","request":{"@type":"type.googleapis.com/google.cloud.functions.v1.CloudFunction","name":"projects/dutch-dfd21/locations/us-central1/functions/module","httpsTrigger":{"url":"https://us-central1-dutch-dfd21.cloudfunctions.net/module","securityLevel":"SECURE_OPTIONAL"},"status":"OFFLINE","entryPoint":"module","timeout":"60s","availableMemoryMb":256,"serviceAccountEmail":"dutch-dfd21@appspot.gserviceaccount.com","updateTime":"2021-06-01T15:39:43.597Z","versionId":"2","labels":{"deployment-tool":"cli-firebase"},"sourceUploadUrl":"https://storage.googleapis.com/gcf-upload-us-central1-862e4a02-8665-423f-b1a3-c0916b28dda1/5275dae7-3eee-4bbb-8385-1b6dde23c0b7.zip?GoogleAccessId=service-476844463720@gcf-admin-robot.iam.gserviceaccount.com&Expires=1622564073&Signature=NGWRZ8b4oO3CRB5RDN7CvKHj46kV0yhlk2hMUMIPsWX8%2BykjnBH3Wptyhe0uqGb3e97wf3r5hxwfjo8ejNQL4EKBqRzXaqZr%2BaQlfBfl4QTG0xqJwon6zHi6OpWYeEAAbyAoNIceHck%2B%2BUZRmddlqD6QfBkXqwcK8nTPm%2FW7mx8zB4imbnJOvCk4iPkfVsj6OCaHU8ZQJS03hZLlFliY5OEmuAl2imc8vIoCfuOtRTfNW05q3yKUFlw3mbGxRBsSOUirI4wxR0sPi3rrkBvi4MC%2Bfe05L0FShcU%2FoI1jEpG7Kaj96enOOWTNwzshBMr0HCi2DA2UZbtKRHSa0%2BVZvA%3D%3D","environmentVariables":{"FIREBASE_CONFIG":"{\"projectId\":\"dutch-dfd21\",\"storageBucket\":\"dutch-dfd21.appspot.com\",\"locationId\":\"asia-south1\"}"},"runtime":"nodejs14","ingressSettings":"ALLOW_ALL","buildId":"4a745f9f-e2b1-4963-8de4-e32e7c1ea36c"},"versionId":"3","updateTime":"2021-06-01T15:46:06Z","buildId":"7dfa1b6f-ad92-4043-bd3e-e0b41fb1e42a","sourceToken":"ddc84b17-2b45-42d5-9de6-4ce157397e64","buildName":"projects/476844463720/locations/us-central1/builds/7dfa1b6f-ad92-4043-bd3e-e0b41fb1e42a"},"done":true,"response":{"@type":"type.googleapis.com/google.cloud.functions.v1.CloudFunction","name":"projects/dutch-dfd21/locations/us-central1/functions/module","httpsTrigger":{"url":"https://us-central1-dutch-dfd21.cloudfunctions.net/module","securityLevel":"SECURE_OPTIONAL"},"status":"ACTIVE","entryPoint":"module","timeout":"60s","availableMemoryMb":256,"serviceAccountEmail":"dutch-dfd21@appspot.gserviceaccount.com","updateTime":"2021-06-01T15:46:06.156Z","versionId":"3","labels":{"deployment-tool":"cli-firebase"},"sourceUploadUrl":"https://storage.googleapis.com/gcf-upload-us-central1-862e4a02-8665-423f-b1a3-c0916b28dda1/5275dae7-3eee-4bbb-8385-1b6dde23c0b7.zip?GoogleAccessId=service-476844463720@gcf-admin-robot.iam.gserviceaccount.com&Expires=1622564073&Signature=NGWRZ8b4oO3CRB5RDN7CvKHj46kV0yhlk2hMUMIPsWX8%2BykjnBH3Wptyhe0uqGb3e97wf3r5hxwfjo8ejNQL4EKBqRzXaqZr%2BaQlfBfl4QTG0xqJwon6zHi6OpWYeEAAbyAoNIceHck%2B%2BUZRmddlqD6QfBkXqwcK8nTPm%2FW7mx8zB4imbnJOvCk4iPkfVsj6OCaHU8ZQJS03hZLlFliY5OEmuAl2imc8vIoCfuOtRTfNW05q3yKUFlw3mbGxRBsSOUirI4wxR0sPi3rrkBvi4MC%2Bfe05L0FShcU%2FoI1jEpG7Kaj96enOOWTNwzshBMr0HCi2DA2UZbtKRHSa0%2BVZvA%3D%3D","environmentVariables":{"FIREBASE_CONFIG":"{\"projectId\":\"dutch-dfd21\",\"storageBucket\":\"dutch-dfd21.appspot.com\",\"locationId\":\"asia-south1\"}"},"runtime":"nodejs14","ingressSettings":"ALLOW_ALL","buildId":"7dfa1b6f-ad92-4043-bd3e-e0b41fb1e42a"}}
[debug] [2021-06-01T15:46:26.933Z] Got sourceToken ddc84b17-2b45-42d5-9de6-4ce157397e64 for region us-central1
[info] +  functions[module(us-central1)]: Successful update operation.  
[debug] [2021-06-01T15:46:26.947Z] Total Function Deployment time: 133961
[debug] [2021-06-01T15:46:26.960Z] 1 Functions Deployed
[debug] [2021-06-01T15:46:26.964Z] 0 Functions Errored
[debug] [2021-06-01T15:46:26.967Z] Average Function Deployment time: 133961
[debug] [2021-06-01T15:46:26.976Z] > refreshing access token with scopes: ["email","https://www.googleapis.com/auth/cloud-platform","https://www.googleapis.com/auth/cloudplatformprojects.readonly","https://www.googleapis.com/auth/firebase","openid"]
[debug] [2021-06-01T15:46:26.977Z] >>> HTTP REQUEST POST https://www.googleapis.com/oauth2/v3/token  
 <request body omitted>
[debug] [2021-06-01T15:46:27.841Z] <<< HTTP RESPONSE 200 {"expires":"Mon, 01 Jan 1990 00:00:00 GMT","cache-control":"no-cache, no-store, max-age=0, must-revalidate","date":"Tue, 01 Jun 2021 15:46:53 GMT","pragma":"no-cache","content-type":"application/json; charset=utf-8","vary":"X-Origin, Referer, Origin,Accept-Encoding","server":"scaffolding on HTTPServer2","x-xss-protection":"0","x-frame-options":"SAMEORIGIN","x-content-type-options":"nosniff","alt-svc":"h3-29=\":443\"; ma=2592000,h3-T051=\":443\"; ma=2592000,h3-Q050=\":443\"; ma=2592000,h3-Q046=\":443\"; ma=2592000,h3-Q043=\":443\"; ma=2592000,quic=\":443\"; ma=2592000; v=\"46,43\"","accept-ranges":"none","transfer-encoding":"chunked"}
[debug] [2021-06-01T15:46:27.866Z] >>> HTTP REQUEST GET https://cloudfunctions.googleapis.com/v1/projects/dutch-dfd21/locations/-/functions  
 
[debug] [2021-06-01T15:46:28.716Z] <<< HTTP RESPONSE 200 {"content-type":"application/json; charset=UTF-8","vary":"X-Origin, Referer, Origin,Accept-Encoding","date":"Tue, 01 Jun 2021 15:46:54 GMT","server":"ESF","cache-control":"private","x-xss-protection":"0","x-frame-options":"SAMEORIGIN","x-content-type-options":"nosniff","alt-svc":"h3-29=\":443\"; ma=2592000,h3-T051=\":443\"; ma=2592000,h3-Q050=\":443\"; ma=2592000,h3-Q046=\":443\"; ma=2592000,h3-Q043=\":443\"; ma=2592000,quic=\":443\"; ma=2592000; v=\"46,43\"","accept-ranges":"none","transfer-encoding":"chunked"}
[info] Function URL (module(us-central1)): https://us-central1-dutch-dfd21.cloudfunctions.net/module
[info] 
[info] +  Deploy complete! 
[info] 
[info] Project Console: https://console.firebase.google.com/project/dutch-dfd21/overview
